This is pdfTeX, Version 3.14159265-2.6-1.40.18 (TeX Live 2017/Debian) (preloaded format=pdflatex 2020.10.12)  21 FEB 2021 14:58
entering extended mode
 restricted \write18 enabled.
 file:line:error style messages enabled.
 %&-line parsing enabled.
**/home/kunzst/Dokumente/Projects/Trait_DB/Invertebrate_traits/Paper/Submission_new/Latex_Supplementary_File.tex
(/home/kunzst/Dokumente/Projects/Trait_DB/Invertebrate_traits/Paper/Submission_new/Latex_Supplementary_File.tex
LaTeX2e <2017-04-15>
Babel <3.18> and hyphenation patterns for 84 language(s) loaded.
(/usr/share/texlive/texmf-dist/tex/latex/base/article.cls
Document Class: article 2014/09/29 v1.4h Standard LaTeX document class
(/usr/share/texlive/texmf-dist/tex/latex/base/size12.clo
File: size12.clo 2014/09/29 v1.4h Standard LaTeX file (size option)
)
\c@part=\count79
\c@section=\count80
\c@subsection=\count81
\c@subsubsection=\count82
\c@paragraph=\count83
\c@subparagraph=\count84
\c@figure=\count85
\c@table=\count86
\abovecaptionskip=\skip41
\belowcaptionskip=\skip42
\bibindent=\dimen102
) (/usr/share/texlive/texmf-dist/tex/latex/base/inputenc.sty
Package: inputenc 2015/03/17 v1.2c Input encoding file
\inpenc@prehook=\toks14
\inpenc@posthook=\toks15
 (/usr/share/texlive/texmf-dist/tex/latex/base/utf8.def
File: utf8.def 2017/01/28 v1.1t UTF-8 support for inputenc
Now handling font encoding OML ...
... no UTF-8 mapping file for font encoding OML
Now handling font encoding T1 ...
... processing UTF-8 mapping file for font encoding T1
 (/usr/share/texlive/texmf-dist/tex/latex/base/t1enc.dfu
File: t1enc.dfu 2017/01/28 v1.1t UTF-8 support for inputenc
   defining Unicode char U+00A0 (decimal 160)
   defining Unicode char U+00A1 (decimal 161)
   defining Unicode char U+00A3 (decimal 163)
   defining Unicode char U+00AB (decimal 171)
   defining Unicode char U+00AD (decimal 173)
   defining Unicode char U+00BB (decimal 187)
   defining Unicode char U+00BF (decimal 191)
   defining Unicode char U+00C0 (decimal 192)
   defining Unicode char U+00C1 (decimal 193)
   defining Unicode char U+00C2 (decimal 194)
   defining Unicode char U+00C3 (decimal 195)
   defining Unicode char U+00C4 (decimal 196)
   defining Unicode char U+00C5 (decimal 197)
   defining Unicode char U+00C6 (decimal 198)
   defining Unicode char U+00C7 (decimal 199)
   defining Unicode char U+00C8 (decimal 200)
   defining Unicode char U+00C9 (decimal 201)
   defining Unicode char U+00CA (decimal 202)
   defining Unicode char U+00CB (decimal 203)
   defining Unicode char U+00CC (decimal 204)
   defining Unicode char U+00CD (decimal 205)
   defining Unicode char U+00CE (decimal 206)
   defining Unicode char U+00CF (decimal 207)
   defining Unicode char U+00D0 (decimal 208)
   defining Unicode char U+00D1 (decimal 209)
   defining Unicode char U+00D2 (decimal 210)
   defining Unicode char U+00D3 (decimal 211)
   defining Unicode char U+00D4 (decimal 212)
   defining Unicode char U+00D5 (decimal 213)
   defining Unicode char U+00D6 (decimal 214)
   defining Unicode char U+00D8 (decimal 216)
   defining Unicode char U+00D9 (decimal 217)
   defining Unicode char U+00DA (decimal 218)
   defining Unicode char U+00DB (decimal 219)
   defining Unicode char U+00DC (decimal 220)
   defining Unicode char U+00DD (decimal 221)
   defining Unicode char U+00DE (decimal 222)
   defining Unicode char U+00DF (decimal 223)
   defining Unicode char U+00E0 (decimal 224)
   defining Unicode char U+00E1 (decimal 225)
   defining Unicode char U+00E2 (decimal 226)
   defining Unicode char U+00E3 (decimal 227)
   defining Unicode char U+00E4 (decimal 228)
   defining Unicode char U+00E5 (decimal 229)
   defining Unicode char U+00E6 (decimal 230)
   defining Unicode char U+00E7 (decimal 231)
   defining Unicode char U+00E8 (decimal 232)
   defining Unicode char U+00E9 (decimal 233)
   defining Unicode char U+00EA (decimal 234)
   defining Unicode char U+00EB (decimal 235)
   defining Unicode char U+00EC (decimal 236)
   defining Unicode char U+00ED (decimal 237)
   defining Unicode char U+00EE (decimal 238)
   defining Unicode char U+00EF (decimal 239)
   defining Unicode char U+00F0 (decimal 240)
   defining Unicode char U+00F1 (decimal 241)
   defining Unicode char U+00F2 (decimal 242)
   defining Unicode char U+00F3 (decimal 243)
   defining Unicode char U+00F4 (decimal 244)
   defining Unicode char U+00F5 (decimal 245)
   defining Unicode char U+00F6 (decimal 246)
   defining Unicode char U+00F8 (decimal 248)
   defining Unicode char U+00F9 (decimal 249)
   defining Unicode char U+00FA (decimal 250)
   defining Unicode char U+00FB (decimal 251)
   defining Unicode char U+00FC (decimal 252)
   defining Unicode char U+00FD (decimal 253)
   defining Unicode char U+00FE (decimal 254)
   defining Unicode char U+00FF (decimal 255)
   defining Unicode char U+0100 (decimal 256)
   defining Unicode char U+0101 (decimal 257)
   defining Unicode char U+0102 (decimal 258)
   defining Unicode char U+0103 (decimal 259)
   defining Unicode char U+0104 (decimal 260)
   defining Unicode char U+0105 (decimal 261)
   defining Unicode char U+0106 (decimal 262)
   defining Unicode char U+0107 (decimal 263)
   defining Unicode char U+0108 (decimal 264)
   defining Unicode char U+0109 (decimal 265)
   defining Unicode char U+010A (decimal 266)
   defining Unicode char U+010B (decimal 267)
   defining Unicode char U+010C (decimal 268)
   defining Unicode char U+010D (decimal 269)
   defining Unicode char U+010E (decimal 270)
   defining Unicode char U+010F (decimal 271)
   defining Unicode char U+0110 (decimal 272)
   defining Unicode char U+0111 (decimal 273)
   defining Unicode char U+0112 (decimal 274)
   defining Unicode char U+0113 (decimal 275)
   defining Unicode char U+0114 (decimal 276)
   defining Unicode char U+0115 (decimal 277)
   defining Unicode char U+0116 (decimal 278)
   defining Unicode char U+0117 (decimal 279)
   defining Unicode char U+0118 (decimal 280)
   defining Unicode char U+0119 (decimal 281)
   defining Unicode char U+011A (decimal 282)
   defining Unicode char U+011B (decimal 283)
   defining Unicode char U+011C (decimal 284)
   defining Unicode char U+011D (decimal 285)
   defining Unicode char U+011E (decimal 286)
   defining Unicode char U+011F (decimal 287)
   defining Unicode char U+0120 (decimal 288)
   defining Unicode char U+0121 (decimal 289)
   defining Unicode char U+0122 (decimal 290)
   defining Unicode char U+0123 (decimal 291)
   defining Unicode char U+0124 (decimal 292)
   defining Unicode char U+0125 (decimal 293)
   defining Unicode char U+0128 (decimal 296)
   defining Unicode char U+0129 (decimal 297)
   defining Unicode char U+012A (decimal 298)
   defining Unicode char U+012B (decimal 299)
   defining Unicode char U+012C (decimal 300)
   defining Unicode char U+012D (decimal 301)
   defining Unicode char U+012E (decimal 302)
   defining Unicode char U+012F (decimal 303)
   defining Unicode char U+0130 (decimal 304)
   defining Unicode char U+0131 (decimal 305)
   defining Unicode char U+0132 (decimal 306)
   defining Unicode char U+0133 (decimal 307)
   defining Unicode char U+0134 (decimal 308)
   defining Unicode char U+0135 (decimal 309)
   defining Unicode char U+0136 (decimal 310)
   defining Unicode char U+0137 (decimal 311)
   defining Unicode char U+0139 (decimal 313)
   defining Unicode char U+013A (decimal 314)
   defining Unicode char U+013B (decimal 315)
   defining Unicode char U+013C (decimal 316)
   defining Unicode char U+013D (decimal 317)
   defining Unicode char U+013E (decimal 318)
   defining Unicode char U+0141 (decimal 321)
   defining Unicode char U+0142 (decimal 322)
   defining Unicode char U+0143 (decimal 323)
   defining Unicode char U+0144 (decimal 324)
   defining Unicode char U+0145 (decimal 325)
   defining Unicode char U+0146 (decimal 326)
   defining Unicode char U+0147 (decimal 327)
   defining Unicode char U+0148 (decimal 328)
   defining Unicode char U+014A (decimal 330)
   defining Unicode char U+014B (decimal 331)
   defining Unicode char U+014C (decimal 332)
   defining Unicode char U+014D (decimal 333)
   defining Unicode char U+014E (decimal 334)
   defining Unicode char U+014F (decimal 335)
   defining Unicode char U+0150 (decimal 336)
   defining Unicode char U+0151 (decimal 337)
   defining Unicode char U+0152 (decimal 338)
   defining Unicode char U+0153 (decimal 339)
   defining Unicode char U+0154 (decimal 340)
   defining Unicode char U+0155 (decimal 341)
   defining Unicode char U+0156 (decimal 342)
   defining Unicode char U+0157 (decimal 343)
   defining Unicode char U+0158 (decimal 344)
   defining Unicode char U+0159 (decimal 345)
   defining Unicode char U+015A (decimal 346)
   defining Unicode char U+015B (decimal 347)
   defining Unicode char U+015C (decimal 348)
   defining Unicode char U+015D (decimal 349)
   defining Unicode char U+015E (decimal 350)
   defining Unicode char U+015F (decimal 351)
   defining Unicode char U+0160 (decimal 352)
   defining Unicode char U+0161 (decimal 353)
   defining Unicode char U+0162 (decimal 354)
   defining Unicode char U+0163 (decimal 355)
   defining Unicode char U+0164 (decimal 356)
   defining Unicode char U+0165 (decimal 357)
   defining Unicode char U+0168 (decimal 360)
   defining Unicode char U+0169 (decimal 361)
   defining Unicode char U+016A (decimal 362)
   defining Unicode char U+016B (decimal 363)
   defining Unicode char U+016C (decimal 364)
   defining Unicode char U+016D (decimal 365)
   defining Unicode char U+016E (decimal 366)
   defining Unicode char U+016F (decimal 367)
   defining Unicode char U+0170 (decimal 368)
   defining Unicode char U+0171 (decimal 369)
   defining Unicode char U+0172 (decimal 370)
   defining Unicode char U+0173 (decimal 371)
   defining Unicode char U+0174 (decimal 372)
   defining Unicode char U+0175 (decimal 373)
   defining Unicode char U+0176 (decimal 374)
   defining Unicode char U+0177 (decimal 375)
   defining Unicode char U+0178 (decimal 376)
   defining Unicode char U+0179 (decimal 377)
   defining Unicode char U+017A (decimal 378)
   defining Unicode char U+017B (decimal 379)
   defining Unicode char U+017C (decimal 380)
   defining Unicode char U+017D (decimal 381)
   defining Unicode char U+017E (decimal 382)
   defining Unicode char U+01CD (decimal 461)
   defining Unicode char U+01CE (decimal 462)
   defining Unicode char U+01CF (decimal 463)
   defining Unicode char U+01D0 (decimal 464)
   defining Unicode char U+01D1 (decimal 465)
   defining Unicode char U+01D2 (decimal 466)
   defining Unicode char U+01D3 (decimal 467)
   defining Unicode char U+01D4 (decimal 468)
   defining Unicode char U+01E2 (decimal 482)
   defining Unicode char U+01E3 (decimal 483)
   defining Unicode char U+01E6 (decimal 486)
   defining Unicode char U+01E7 (decimal 487)
   defining Unicode char U+01E8 (decimal 488)
   defining Unicode char U+01E9 (decimal 489)
   defining Unicode char U+01EA (decimal 490)
   defining Unicode char U+01EB (decimal 491)
   defining Unicode char U+01F0 (decimal 496)
   defining Unicode char U+01F4 (decimal 500)
   defining Unicode char U+01F5 (decimal 501)
   defining Unicode char U+0218 (decimal 536)
   defining Unicode char U+0219 (decimal 537)
   defining Unicode char U+021A (decimal 538)
   defining Unicode char U+021B (decimal 539)
   defining Unicode char U+0232 (decimal 562)
   defining Unicode char U+0233 (decimal 563)
   defining Unicode char U+1E02 (decimal 7682)
   defining Unicode char U+1E03 (decimal 7683)
   defining Unicode char U+200C (decimal 8204)
   defining Unicode char U+2010 (decimal 8208)
   defining Unicode char U+2011 (decimal 8209)
   defining Unicode char U+2012 (decimal 8210)
   defining Unicode char U+2013 (decimal 8211)
   defining Unicode char U+2014 (decimal 8212)
   defining Unicode char U+2015 (decimal 8213)
   defining Unicode char U+2018 (decimal 8216)
   defining Unicode char U+2019 (decimal 8217)
   defining Unicode char U+201A (decimal 8218)
   defining Unicode char U+201C (decimal 8220)
   defining Unicode char U+201D (decimal 8221)
   defining Unicode char U+201E (decimal 8222)
   defining Unicode char U+2030 (decimal 8240)
   defining Unicode char U+2031 (decimal 8241)
   defining Unicode char U+2039 (decimal 8249)
   defining Unicode char U+203A (decimal 8250)
   defining Unicode char U+2423 (decimal 9251)
   defining Unicode char U+1E20 (decimal 7712)
   defining Unicode char U+1E21 (decimal 7713)
)
Now handling font encoding OT1 ...
... processing UTF-8 mapping file for font encoding OT1
 (/usr/share/texlive/texmf-dist/tex/latex/base/ot1enc.dfu
File: ot1enc.dfu 2017/01/28 v1.1t UTF-8 support for inputenc
   defining Unicode char U+00A0 (decimal 160)
   defining Unicode char U+00A1 (decimal 161)
   defining Unicode char U+00A3 (decimal 163)
   defining Unicode char U+00AD (decimal 173)
   defining Unicode char U+00B8 (decimal 184)
   defining Unicode char U+00BF (decimal 191)
   defining Unicode char U+00C5 (decimal 197)
   defining Unicode char U+00C6 (decimal 198)
   defining Unicode char U+00D8 (decimal 216)
   defining Unicode char U+00DF (decimal 223)
   defining Unicode char U+00E6 (decimal 230)
   defining Unicode char U+00EC (decimal 236)
   defining Unicode char U+00ED (decimal 237)
   defining Unicode char U+00EE (decimal 238)
   defining Unicode char U+00EF (decimal 239)
   defining Unicode char U+00F8 (decimal 248)
   defining Unicode char U+0131 (decimal 305)
   defining Unicode char U+0141 (decimal 321)
   defining Unicode char U+0142 (decimal 322)
   defining Unicode char U+0152 (decimal 338)
   defining Unicode char U+0153 (decimal 339)
   defining Unicode char U+0174 (decimal 372)
   defining Unicode char U+0175 (decimal 373)
   defining Unicode char U+0176 (decimal 374)
   defining Unicode char U+0177 (decimal 375)
   defining Unicode char U+0218 (decimal 536)
   defining Unicode char U+0219 (decimal 537)
   defining Unicode char U+021A (decimal 538)
   defining Unicode char U+021B (decimal 539)
   defining Unicode char U+2013 (decimal 8211)
   defining Unicode char U+2014 (decimal 8212)
   defining Unicode char U+2018 (decimal 8216)
   defining Unicode char U+2019 (decimal 8217)
   defining Unicode char U+201C (decimal 8220)
   defining Unicode char U+201D (decimal 8221)
)
Now handling font encoding OMS ...
... processing UTF-8 mapping file for font encoding OMS
 (/usr/share/texlive/texmf-dist/tex/latex/base/omsenc.dfu
File: omsenc.dfu 2017/01/28 v1.1t UTF-8 support for inputenc
   defining Unicode char U+00A7 (decimal 167)
   defining Unicode char U+00B6 (decimal 182)
   defining Unicode char U+00B7 (decimal 183)
   defining Unicode char U+2020 (decimal 8224)
   defining Unicode char U+2021 (decimal 8225)
   defining Unicode char U+2022 (decimal 8226)
)
Now handling font encoding OMX ...
... no UTF-8 mapping file for font encoding OMX
Now handling font encoding U ...
... no UTF-8 mapping file for font encoding U
   defining Unicode char U+00A9 (decimal 169)
   defining Unicode char U+00AA (decimal 170)
   defining Unicode char U+00AE (decimal 174)
   defining Unicode char U+00BA (decimal 186)
   defining Unicode char U+02C6 (decimal 710)
   defining Unicode char U+02DC (decimal 732)
   defining Unicode char U+200C (decimal 8204)
   defining Unicode char U+2026 (decimal 8230)
   defining Unicode char U+2122 (decimal 8482)
   defining Unicode char U+2423 (decimal 9251)
)) (/usr/share/texlive/texmf-dist/tex/latex/hyperref/hyperref.sty
Package: hyperref 2018/02/06 v6.86b Hypertext links for LaTeX
 (/usr/share/texlive/texmf-dist/tex/generic/oberdiek/hobsub-hyperref.sty
Package: hobsub-hyperref 2016/05/16 v1.14 Bundle oberdiek, subset hyperref (HO)
 (/usr/share/texlive/texmf-dist/tex/generic/oberdiek/hobsub-generic.sty
Package: hobsub-generic 2016/05/16 v1.14 Bundle oberdiek, subset generic (HO)
Package: hobsub 2016/05/16 v1.14 Construct package bundles (HO)
Package: infwarerr 2016/05/16 v1.4 Providing info/warning/error messages (HO)
Package: ltxcmds 2016/05/16 v1.23 LaTeX kernel commands for general use (HO)
Package: ifluatex 2016/05/16 v1.4 Provides the ifluatex switch (HO)
Package ifluatex Info: LuaTeX not detected.
Package: ifvtex 2016/05/16 v1.6 Detect VTeX and its facilities (HO)
Package ifvtex Info: VTeX not detected.
Package: intcalc 2016/05/16 v1.2 Expandable calculations with integers (HO)
Package: ifpdf 2017/03/15 v3.2 Provides the ifpdf switch
Package: etexcmds 2016/05/16 v1.6 Avoid name clashes with e-TeX commands (HO)
Package etexcmds Info: Could not find \expanded.
(etexcmds)             That can mean that you are not using pdfTeX 1.50 or
(etexcmds)             that some package has redefined \expanded.
(etexcmds)             In the latter case, load this package earlier.
Package: kvsetkeys 2016/05/16 v1.17 Key value parser (HO)
Package: kvdefinekeys 2016/05/16 v1.4 Define keys (HO)
Package: pdftexcmds 2018/01/21 v0.26 Utility functions of pdfTeX for LuaTeX (HO)
Package pdftexcmds Info: LuaTeX not detected.
Package pdftexcmds Info: \pdf@primitive is available.
Package pdftexcmds Info: \pdf@ifprimitive is available.
Package pdftexcmds Info: \pdfdraftmode found.
Package: pdfescape 2016/05/16 v1.14 Implements pdfTeX's escape features (HO)
Package: bigintcalc 2016/05/16 v1.4 Expandable calculations on big integers (HO)
Package: bitset 2016/05/16 v1.2 Handle bit-vector datatype (HO)
Package: uniquecounter 2016/05/16 v1.3 Provide unlimited unique counter (HO)
)
Package hobsub Info: Skipping package `hobsub' (already loaded).
Package: letltxmacro 2016/05/16 v1.5 Let assignment for LaTeX macros (HO)
Package: hopatch 2016/05/16 v1.3 Wrapper for package hooks (HO)
Package: xcolor-patch 2016/05/16 xcolor patch
Package: atveryend 2016/05/16 v1.9 Hooks at the very end of document (HO)
Package atveryend Info: \enddocument detected (standard20110627).
Package: atbegshi 2016/06/09 v1.18 At begin shipout hook (HO)
Package: refcount 2016/05/16 v3.5 Data extraction from label references (HO)
Package: hycolor 2016/05/16 v1.8 Color options for hyperref/bookmark (HO)
) (/usr/share/texlive/texmf-dist/tex/latex/graphics/keyval.sty
Package: keyval 2014/10/28 v1.15 key=value parser (DPC)
\KV@toks@=\toks16
) (/usr/share/texlive/texmf-dist/tex/generic/ifxetex/ifxetex.sty
Package: ifxetex 2010/09/12 v0.6 Provides ifxetex conditional
) (/usr/share/texlive/texmf-dist/tex/latex/oberdiek/auxhook.sty
Package: auxhook 2016/05/16 v1.4 Hooks for auxiliary files (HO)
) (/usr/share/texlive/texmf-dist/tex/latex/oberdiek/kvoptions.sty
Package: kvoptions 2016/05/16 v3.12 Key value format for package options (HO)
)
\@linkdim=\dimen103
\Hy@linkcounter=\count87
\Hy@pagecounter=\count88
 (/usr/share/texlive/texmf-dist/tex/latex/hyperref/pd1enc.def
File: pd1enc.def 2018/02/06 v6.86b Hyperref: PDFDocEncoding definition (HO)
Now handling font encoding PD1 ...
... no UTF-8 mapping file for font encoding PD1
)
\Hy@SavedSpaceFactor=\count89
 (/usr/share/texlive/texmf-dist/tex/latex/latexconfig/hyperref.cfg
File: hyperref.cfg 2002/06/06 v1.2 hyperref configuration of TeXLive
)
Package hyperref Info: Hyper figures OFF on input line 4509.
Package hyperref Info: Link nesting OFF on input line 4514.
Package hyperref Info: Hyper index ON on input line 4517.
Package hyperref Info: Plain pages OFF on input line 4524.
Package hyperref Info: Backreferencing OFF on input line 4529.
Package hyperref Info: Implicit mode ON; LaTeX internals redefined.
Package hyperref Info: Bookmarks ON on input line 4762.
\c@Hy@tempcnt=\count90
 (/usr/share/texlive/texmf-dist/tex/latex/url/url.sty
\Urlmuskip=\muskip10
Package: url 2013/09/16  ver 3.4  Verb mode for urls, etc.
)
LaTeX Info: Redefining \url on input line 5115.
\XeTeXLinkMargin=\dimen104
\Fld@menulength=\count91
\Field@Width=\dimen105
\Fld@charsize=\dimen106
Package hyperref Info: Hyper figures OFF on input line 6369.
Package hyperref Info: Link nesting OFF on input line 6374.
Package hyperref Info: Hyper index ON on input line 6377.
Package hyperref Info: backreferencing OFF on input line 6384.
Package hyperref Info: Link coloring OFF on input line 6389.
Package hyperref Info: Link coloring with OCG OFF on input line 6394.
Package hyperref Info: PDF/A mode OFF on input line 6399.
LaTeX Info: Redefining \ref on input line 6439.
LaTeX Info: Redefining \pageref on input line 6443.
\Hy@abspage=\count92
\c@Item=\count93
\c@Hfootnote=\count94
)
Package hyperref Info: Driver (autodetected): hpdftex.
 (/usr/share/texlive/texmf-dist/tex/latex/hyperref/hpdftex.def
File: hpdftex.def 2018/02/06 v6.86b Hyperref driver for pdfTeX
\Fld@listcount=\count95
\c@bookmark@seq@number=\count96
 (/usr/share/texlive/texmf-dist/tex/latex/oberdiek/rerunfilecheck.sty
Package: rerunfilecheck 2016/05/16 v1.8 Rerun checks for auxiliary files (HO)
Package uniquecounter Info: New unique counter `rerunfilecheck' on input line 282.
)
\Hy@SectionHShift=\skip43
) (/usr/share/texlive/texmf-dist/tex/latex/float/float.sty
Package: float 2001/11/08 v1.3d Float enhancements (AL)
\c@float@type=\count97
\float@exts=\toks17
\float@box=\box26
\@float@everytoks=\toks18
\@floatcapt=\box27
) (/usr/share/texlive/texmf-dist/tex/latex/xcolor/xcolor.sty
Package: xcolor 2016/05/11 v2.12 LaTeX color extensions (UK)
 (/usr/share/texlive/texmf-dist/tex/latex/graphics-cfg/color.cfg
File: color.cfg 2016/01/02 v1.6 sample color configuration
)
Package xcolor Info: Driver file: pdftex.def on input line 225.
 (/usr/share/texlive/texmf-dist/tex/latex/graphics-def/pdftex.def
File: pdftex.def 2018/01/08 v1.0l Graphics/color driver for pdftex
) (/usr/share/texlive/texmf-dist/tex/latex/colortbl/colortbl.sty
Package: colortbl 2012/02/13 v1.0a Color table columns (DPC)
 (/usr/share/texlive/texmf-dist/tex/latex/tools/array.sty
Package: array 2016/10/06 v2.4d Tabular extension package (FMi)
\col@sep=\dimen107
\extrarowheight=\dimen108
\NC@list=\toks19
\extratabsurround=\skip44
\backup@length=\skip45
)
\everycr=\toks20
\minrowclearance=\skip46
)
\rownum=\count98
Package xcolor Info: Model `cmy' substituted by `cmy0' on input line 1348.
Package xcolor Info: Model `hsb' substituted by `rgb' on input line 1352.
Package xcolor Info: Model `RGB' extended on input line 1364.
Package xcolor Info: Model `HTML' substituted by `rgb' on input line 1366.
Package xcolor Info: Model `Hsb' substituted by `hsb' on input line 1367.
Package xcolor Info: Model `tHsb' substituted by `hsb' on input line 1368.
Package xcolor Info: Model `HSB' substituted by `hsb' on input line 1369.
Package xcolor Info: Model `Gray' substituted by `gray' on input line 1370.
Package xcolor Info: Model `wave' substituted by `hsb' on input line 1371.
) (/usr/share/texlive/texmf-dist/tex/latex/tools/longtable.sty
Package: longtable 2014/10/28 v4.11 Multi-page Table package (DPC)
\LTleft=\skip47
\LTright=\skip48
\LTpre=\skip49
\LTpost=\skip50
\LTchunksize=\count99
\LTcapwidth=\dimen109
\LT@head=\box28
\LT@firsthead=\box29
\LT@foot=\box30
\LT@lastfoot=\box31
\LT@cols=\count100
\LT@rows=\count101
\c@LT@tables=\count102
\c@LT@chunks=\count103
\LT@p@ftn=\toks21
) (/usr/share/texlive/texmf-dist/tex/latex/booktabs/booktabs.sty
Package: booktabs 2016/04/27 v1.618033 publication quality tables
\heavyrulewidth=\dimen110
\lightrulewidth=\dimen111
\cmidrulewidth=\dimen112
\belowrulesep=\dimen113
\belowbottomsep=\dimen114
\aboverulesep=\dimen115
\abovetopsep=\dimen116
\cmidrulesep=\dimen117
\cmidrulekern=\dimen118
\defaultaddspace=\dimen119
\@cmidla=\count104
\@cmidlb=\count105
\@aboverulesep=\dimen120
\@belowrulesep=\dimen121
\@thisruleclass=\count106
\@lastruleclass=\count107
\@thisrulewidth=\dimen122
) (/usr/share/texlive/texmf-dist/tex/latex/graphics/graphicx.sty
Package: graphicx 2017/06/01 v1.1a Enhanced LaTeX Graphics (DPC,SPQR)
 (/usr/share/texlive/texmf-dist/tex/latex/graphics/graphics.sty
Package: graphics 2017/06/25 v1.2c Standard LaTeX Graphics (DPC,SPQR)
 (/usr/share/texlive/texmf-dist/tex/latex/graphics/trig.sty
Package: trig 2016/01/03 v1.10 sin cos tan (DPC)
) (/usr/share/texlive/texmf-dist/tex/latex/graphics-cfg/graphics.cfg
File: graphics.cfg 2016/06/04 v1.11 sample graphics configuration
)
Package graphics Info: Driver file: pdftex.def on input line 99.
)
\Gin@req@height=\dimen123
\Gin@req@width=\dimen124
) (/usr/share/texlive/texmf-dist/tex/latex/multirow/multirow.sty
Package: multirow 2016/11/25 v2.2 Span multiple rows of a table
\multirow@colwidth=\skip51
\multirow@cntb=\count108
\multirow@dima=\skip52
\bigstrutjot=\dimen125
) (/usr/share/texlive/texmf-dist/tex/latex/pgf/frontendlayer/tikz.sty (/usr/share/texlive/texmf-dist/tex/latex/pgf/basiclayer/pgf.sty (/usr/share/texlive/texmf-dist/tex/latex/pgf/utilities/pgfrcs.sty (/usr/share/texlive/texmf-dist/tex/generic/pgf/utilities/pgfutil-common.tex
\pgfutil@everybye=\toks22
\pgfutil@tempdima=\dimen126
\pgfutil@tempdimb=\dimen127
 (/usr/share/texlive/texmf-dist/tex/generic/pgf/utilities/pgfutil-common-lists.tex)) (/usr/share/texlive/texmf-dist/tex/generic/pgf/utilities/pgfutil-latex.def
\pgfutil@abb=\box32
 (/usr/share/texlive/texmf-dist/tex/latex/ms/everyshi.sty
Package: everyshi 2001/05/15 v3.00 EveryShipout Package (MS)
)) (/usr/share/texlive/texmf-dist/tex/generic/pgf/utilities/pgfrcs.code.tex
Package: pgfrcs 2015/08/07 v3.0.1a (rcs-revision 1.31)
))
Package: pgf 2015/08/07 v3.0.1a (rcs-revision 1.15)
 (/usr/share/texlive/texmf-dist/tex/latex/pgf/basiclayer/pgfcore.sty (/usr/share/texlive/texmf-dist/tex/latex/pgf/systemlayer/pgfsys.sty (/usr/share/texlive/texmf-dist/tex/generic/pgf/systemlayer/pgfsys.code.tex
Package: pgfsys 2014/07/09 v3.0.1a (rcs-revision 1.48)
 (/usr/share/texlive/texmf-dist/tex/generic/pgf/utilities/pgfkeys.code.tex
\pgfkeys@pathtoks=\toks23
\pgfkeys@temptoks=\toks24
 (/usr/share/texlive/texmf-dist/tex/generic/pgf/utilities/pgfkeysfiltered.code.tex
\pgfkeys@tmptoks=\toks25
))
\pgf@x=\dimen128
\pgf@y=\dimen129
\pgf@xa=\dimen130
\pgf@ya=\dimen131
\pgf@xb=\dimen132
\pgf@yb=\dimen133
\pgf@xc=\dimen134
\pgf@yc=\dimen135
\w@pgf@writea=\write3
\r@pgf@reada=\read1
\c@pgf@counta=\count109
\c@pgf@countb=\count110
\c@pgf@countc=\count111
\c@pgf@countd=\count112
\t@pgf@toka=\toks26
\t@pgf@tokb=\toks27
\t@pgf@tokc=\toks28
 (/usr/share/texlive/texmf-dist/tex/generic/pgf/systemlayer/pgf.cfg
File: pgf.cfg 2008/05/14  (rcs-revision 1.7)
)
Driver file for pgf: pgfsys-pdftex.def
 (/usr/share/texlive/texmf-dist/tex/generic/pgf/systemlayer/pgfsys-pdftex.def
File: pgfsys-pdftex.def 2014/10/11  (rcs-revision 1.35)
 (/usr/share/texlive/texmf-dist/tex/generic/pgf/systemlayer/pgfsys-common-pdf.def
File: pgfsys-common-pdf.def 2013/10/10  (rcs-revision 1.13)
))) (/usr/share/texlive/texmf-dist/tex/generic/pgf/systemlayer/pgfsyssoftpath.code.tex
File: pgfsyssoftpath.code.tex 2013/09/09  (rcs-revision 1.9)
\pgfsyssoftpath@smallbuffer@items=\count113
\pgfsyssoftpath@bigbuffer@items=\count114
) (/usr/share/texlive/texmf-dist/tex/generic/pgf/systemlayer/pgfsysprotocol.code.tex
File: pgfsysprotocol.code.tex 2006/10/16  (rcs-revision 1.4)
)) (/usr/share/texlive/texmf-dist/tex/generic/pgf/basiclayer/pgfcore.code.tex
Package: pgfcore 2010/04/11 v3.0.1a (rcs-revision 1.7)
 (/usr/share/texlive/texmf-dist/tex/generic/pgf/math/pgfmath.code.tex (/usr/share/texlive/texmf-dist/tex/generic/pgf/math/pgfmathcalc.code.tex (/usr/share/texlive/texmf-dist/tex/generic/pgf/math/pgfmathutil.code.tex) (/usr/share/texlive/texmf-dist/tex/generic/pgf/math/pgfmathparser.code.tex
\pgfmath@dimen=\dimen136
\pgfmath@count=\count115
\pgfmath@box=\box33
\pgfmath@toks=\toks29
\pgfmath@stack@operand=\toks30
\pgfmath@stack@operation=\toks31
) (/usr/share/texlive/texmf-dist/tex/generic/pgf/math/pgfmathfunctions.code.tex (/usr/share/texlive/texmf-dist/tex/generic/pgf/math/pgfmathfunctions.basic.code.tex) (/usr/share/texlive/texmf-dist/tex/generic/pgf/math/pgfmathfunctions.trigonometric.code.tex) (/usr/share/texlive/texmf-dist/tex/generic/pgf/math/pgfmathfunctions.random.code.tex) (/usr/share/texlive/texmf-dist/tex/generic/pgf/math/pgfmathfunctions.comparison.code.tex) (/usr/share/texlive/texmf-dist/tex/generic/pgf/math/pgfmathfunctions.base.code.tex) (/usr/share/texlive/texmf-dist/tex/generic/pgf/math/pgfmathfunctions.round.code.tex) (/usr/share/texlive/texmf-dist/tex/generic/pgf/math/pgfmathfunctions.misc.code.tex) (/usr/share/texlive/texmf-dist/tex/generic/pgf/math/pgfmathfunctions.integerarithmetics.code.tex))) (/usr/share/texlive/texmf-dist/tex/generic/pgf/math/pgfmathfloat.code.tex
\c@pgfmathroundto@lastzeros=\count116
)) (/usr/share/texlive/texmf-dist/tex/generic/pgf/basiclayer/pgfcorepoints.code.tex
File: pgfcorepoints.code.tex 2013/10/07  (rcs-revision 1.27)
\pgf@picminx=\dimen137
\pgf@picmaxx=\dimen138
\pgf@picminy=\dimen139
\pgf@picmaxy=\dimen140
\pgf@pathminx=\dimen141
\pgf@pathmaxx=\dimen142
\pgf@pathminy=\dimen143
\pgf@pathmaxy=\dimen144
\pgf@xx=\dimen145
\pgf@xy=\dimen146
\pgf@yx=\dimen147
\pgf@yy=\dimen148
\pgf@zx=\dimen149
\pgf@zy=\dimen150
) (/usr/share/texlive/texmf-dist/tex/generic/pgf/basiclayer/pgfcorepathconstruct.code.tex
File: pgfcorepathconstruct.code.tex 2013/10/07  (rcs-revision 1.29)
\pgf@path@lastx=\dimen151
\pgf@path@lasty=\dimen152
) (/usr/share/texlive/texmf-dist/tex/generic/pgf/basiclayer/pgfcorepathusage.code.tex
File: pgfcorepathusage.code.tex 2014/11/02  (rcs-revision 1.24)
\pgf@shorten@end@additional=\dimen153
\pgf@shorten@start@additional=\dimen154
) (/usr/share/texlive/texmf-dist/tex/generic/pgf/basiclayer/pgfcorescopes.code.tex
File: pgfcorescopes.code.tex 2015/05/08  (rcs-revision 1.46)
\pgfpic=\box34
\pgf@hbox=\box35
\pgf@layerbox@main=\box36
\pgf@picture@serial@count=\count117
) (/usr/share/texlive/texmf-dist/tex/generic/pgf/basiclayer/pgfcoregraphicstate.code.tex
File: pgfcoregraphicstate.code.tex 2014/11/02  (rcs-revision 1.12)
\pgflinewidth=\dimen155
) (/usr/share/texlive/texmf-dist/tex/generic/pgf/basiclayer/pgfcoretransformations.code.tex
File: pgfcoretransformations.code.tex 2015/08/07  (rcs-revision 1.20)
\pgf@pt@x=\dimen156
\pgf@pt@y=\dimen157
\pgf@pt@temp=\dimen158
) (/usr/share/texlive/texmf-dist/tex/generic/pgf/basiclayer/pgfcorequick.code.tex
File: pgfcorequick.code.tex 2008/10/09  (rcs-revision 1.3)
) (/usr/share/texlive/texmf-dist/tex/generic/pgf/basiclayer/pgfcoreobjects.code.tex
File: pgfcoreobjects.code.tex 2006/10/11  (rcs-revision 1.2)
) (/usr/share/texlive/texmf-dist/tex/generic/pgf/basiclayer/pgfcorepathprocessing.code.tex
File: pgfcorepathprocessing.code.tex 2013/09/09  (rcs-revision 1.9)
) (/usr/share/texlive/texmf-dist/tex/generic/pgf/basiclayer/pgfcorearrows.code.tex
File: pgfcorearrows.code.tex 2015/05/14  (rcs-revision 1.43)
\pgfarrowsep=\dimen159
) (/usr/share/texlive/texmf-dist/tex/generic/pgf/basiclayer/pgfcoreshade.code.tex
File: pgfcoreshade.code.tex 2013/07/15  (rcs-revision 1.15)
\pgf@max=\dimen160
\pgf@sys@shading@range@num=\count118
) (/usr/share/texlive/texmf-dist/tex/generic/pgf/basiclayer/pgfcoreimage.code.tex
File: pgfcoreimage.code.tex 2013/07/15  (rcs-revision 1.18)
 (/usr/share/texlive/texmf-dist/tex/generic/pgf/basiclayer/pgfcoreexternal.code.tex
File: pgfcoreexternal.code.tex 2014/07/09  (rcs-revision 1.21)
\pgfexternal@startupbox=\box37
)) (/usr/share/texlive/texmf-dist/tex/generic/pgf/basiclayer/pgfcorelayers.code.tex
File: pgfcorelayers.code.tex 2013/07/18  (rcs-revision 1.7)
) (/usr/share/texlive/texmf-dist/tex/generic/pgf/basiclayer/pgfcoretransparency.code.tex
File: pgfcoretransparency.code.tex 2013/09/30  (rcs-revision 1.5)
) (/usr/share/texlive/texmf-dist/tex/generic/pgf/basiclayer/pgfcorepatterns.code.tex
File: pgfcorepatterns.code.tex 2013/11/07  (rcs-revision 1.5)
))) (/usr/share/texlive/texmf-dist/tex/generic/pgf/modules/pgfmoduleshapes.code.tex
File: pgfmoduleshapes.code.tex 2014/03/21  (rcs-revision 1.35)
\pgfnodeparttextbox=\box38
) (/usr/share/texlive/texmf-dist/tex/generic/pgf/modules/pgfmoduleplot.code.tex
File: pgfmoduleplot.code.tex 2015/08/03  (rcs-revision 1.13)
) (/usr/share/texlive/texmf-dist/tex/latex/pgf/compatibility/pgfcomp-version-0-65.sty
Package: pgfcomp-version-0-65 2007/07/03 v3.0.1a (rcs-revision 1.7)
\pgf@nodesepstart=\dimen161
\pgf@nodesepend=\dimen162
) (/usr/share/texlive/texmf-dist/tex/latex/pgf/compatibility/pgfcomp-version-1-18.sty
Package: pgfcomp-version-1-18 2007/07/23 v3.0.1a (rcs-revision 1.1)
)) (/usr/share/texlive/texmf-dist/tex/latex/pgf/utilities/pgffor.sty (/usr/share/texlive/texmf-dist/tex/latex/pgf/utilities/pgfkeys.sty (/usr/share/texlive/texmf-dist/tex/generic/pgf/utilities/pgfkeys.code.tex)) (/usr/share/texlive/texmf-dist/tex/latex/pgf/math/pgfmath.sty (/usr/share/texlive/texmf-dist/tex/generic/pgf/math/pgfmath.code.tex)) (/usr/share/texlive/texmf-dist/tex/generic/pgf/utilities/pgffor.code.tex
Package: pgffor 2013/12/13 v3.0.1a (rcs-revision 1.25)
 (/usr/share/texlive/texmf-dist/tex/generic/pgf/math/pgfmath.code.tex)
\pgffor@iter=\dimen163
\pgffor@skip=\dimen164
\pgffor@stack=\toks32
\pgffor@toks=\toks33
)) (/usr/share/texlive/texmf-dist/tex/generic/pgf/frontendlayer/tikz/tikz.code.tex
Package: tikz 2015/08/07 v3.0.1a (rcs-revision 1.151)
 (/usr/share/texlive/texmf-dist/tex/generic/pgf/libraries/pgflibraryplothandlers.code.tex
File: pgflibraryplothandlers.code.tex 2013/08/31 v3.0.1a (rcs-revision 1.20)
\pgf@plot@mark@count=\count119
\pgfplotmarksize=\dimen165
)
\tikz@lastx=\dimen166
\tikz@lasty=\dimen167
\tikz@lastxsaved=\dimen168
\tikz@lastysaved=\dimen169
\tikzleveldistance=\dimen170
\tikzsiblingdistance=\dimen171
\tikz@figbox=\box39
\tikz@figbox@bg=\box40
\tikz@tempbox=\box41
\tikz@tempbox@bg=\box42
\tikztreelevel=\count120
\tikznumberofchildren=\count121
\tikznumberofcurrentchild=\count122
\tikz@fig@count=\count123
 (/usr/share/texlive/texmf-dist/tex/generic/pgf/modules/pgfmodulematrix.code.tex
File: pgfmodulematrix.code.tex 2013/09/17  (rcs-revision 1.8)
\pgfmatrixcurrentrow=\count124
\pgfmatrixcurrentcolumn=\count125
\pgf@matrix@numberofcolumns=\count126
)
\tikz@expandcount=\count127
 (/usr/share/texlive/texmf-dist/tex/generic/pgf/frontendlayer/tikz/libraries/tikzlibrarytopaths.code.tex
File: tikzlibrarytopaths.code.tex 2008/06/17 v3.0.1a (rcs-revision 1.2)
))) (/usr/share/texlive/texmf-dist/tex/latex/graphics/rotating.sty
Package: rotating 2016/08/11 v2.16d rotated objects in LaTeX
 (/usr/share/texlive/texmf-dist/tex/latex/base/ifthen.sty
Package: ifthen 2014/09/29 v1.1c Standard LaTeX ifthen package (DPC)
)
\c@r@tfl@t=\count128
\rotFPtop=\skip53
\rotFPbot=\skip54
\rot@float@box=\box43
\rot@mess@toks=\toks34
) (/usr/share/texlive/texmf-dist/tex/latex/caption/caption.sty
Package: caption 2016/02/21 v3.3-144 Customizing captions (AR)
 (/usr/share/texlive/texmf-dist/tex/latex/caption/caption3.sty
Package: caption3 2016/05/22 v1.7-166 caption3 kernel (AR)
Package caption3 Info: TeX engine: e-TeX on input line 67.
\captionmargin=\dimen172
\captionmargin@=\dimen173
\captionwidth=\dimen174
\caption@tempdima=\dimen175
\caption@indent=\dimen176
\caption@parindent=\dimen177
\caption@hangindent=\dimen178
)
\c@ContinuedFloat=\count129
Package caption Info: float package is loaded.
Package caption Info: hyperref package is loaded.
Package caption Info: longtable package is loaded.
 (/usr/share/texlive/texmf-dist/tex/latex/caption/ltcaption.sty
Package: ltcaption 2013/06/09 v1.4-94 longtable captions (AR)
)
Package caption Info: rotating package is loaded.
) (/usr/share/texlive/texmf-dist/tex/latex/preprint/authblk.sty
Package: authblk 2001/02/27 1.3 (PWD)
\affilsep=\skip55
\@affilsep=\skip56
\c@Maxaffil=\count130
\c@authors=\count131
\c@affil=\count132
) (/usr/share/texlive/texmf-dist/tex/latex/csquotes/csquotes.sty
Package: csquotes 2018/02/11 v5.2c context-sensitive quotations (JAW)
 (/usr/share/texlive/texmf-dist/tex/latex/etoolbox/etoolbox.sty
Package: etoolbox 2018/02/11 v2.5e e-TeX tools for LaTeX (JAW)
\etb@tempcnta=\count133
)
\csq@reset=\count134
\csq@gtype=\count135
\csq@glevel=\count136
\csq@qlevel=\count137
\csq@maxlvl=\count138
\csq@tshold=\count139
\csq@ltx@everypar=\toks35
 (/usr/share/texlive/texmf-dist/tex/latex/csquotes/csquotes.def
File: csquotes.def 2018/02/11 v5.2c csquotes generic definitions (JAW)
)
Package csquotes Info: Trying to load configuration file 'csquotes.cfg'...
Package csquotes Info: ... configuration file loaded successfully.
 (/usr/share/texlive/texmf-dist/tex/latex/csquotes/csquotes.cfg
File: csquotes.cfg 
)) (/usr/share/texlive/texmf-dist/tex/latex/setspace/setspace.sty
Package: setspace 2011/12/19 v6.7a set line spacing
) (/usr/share/texlive/texmf-dist/tex/latex/geometry/geometry.sty
Package: geometry 2010/09/12 v5.6 Page Geometry
\Gm@cnth=\count140
\Gm@cntv=\count141
\c@Gm@tempcnt=\count142
\Gm@bindingoffset=\dimen179
\Gm@wd@mp=\dimen180
\Gm@odd@mp=\dimen181
\Gm@even@mp=\dimen182
\Gm@layoutwidth=\dimen183
\Gm@layoutheight=\dimen184
\Gm@layouthoffset=\dimen185
\Gm@layoutvoffset=\dimen186
\Gm@dimlist=\toks36
) (/usr/share/texlive/texmf-dist/tex/latex/graphics/lscape.sty
Package: lscape 2000/10/22 v3.01 Landscape Pages (DPC)
) (/usr/share/texlive/texmf-dist/tex/latex/tools/hhline.sty
Package: hhline 2014/10/28 v2.03 Table rule package (DPC)
) (/usr/share/texmf/tex/latex/lm/lmodern.sty
Package: lmodern 2009/10/30 v1.6 Latin Modern Fonts
LaTeX Font Info:    Overwriting symbol font `operators' in version `normal'
(Font)                  OT1/cmr/m/n --> OT1/lmr/m/n on input line 22.
LaTeX Font Info:    Overwriting symbol font `letters' in version `normal'
(Font)                  OML/cmm/m/it --> OML/lmm/m/it on input line 23.
LaTeX Font Info:    Overwriting symbol font `symbols' in version `normal'
(Font)                  OMS/cmsy/m/n --> OMS/lmsy/m/n on input line 24.
LaTeX Font Info:    Overwriting symbol font `largesymbols' in version `normal'
(Font)                  OMX/cmex/m/n --> OMX/lmex/m/n on input line 25.
LaTeX Font Info:    Overwriting symbol font `operators' in version `bold'
(Font)                  OT1/cmr/bx/n --> OT1/lmr/bx/n on input line 26.
LaTeX Font Info:    Overwriting symbol font `letters' in version `bold'
(Font)                  OML/cmm/b/it --> OML/lmm/b/it on input line 27.
LaTeX Font Info:    Overwriting symbol font `symbols' in version `bold'
(Font)                  OMS/cmsy/b/n --> OMS/lmsy/b/n on input line 28.
LaTeX Font Info:    Overwriting symbol font `largesymbols' in version `bold'
(Font)                  OMX/cmex/m/n --> OMX/lmex/m/n on input line 29.
LaTeX Font Info:    Overwriting math alphabet `\mathbf' in version `normal'
(Font)                  OT1/cmr/bx/n --> OT1/lmr/bx/n on input line 31.
LaTeX Font Info:    Overwriting math alphabet `\mathsf' in version `normal'
(Font)                  OT1/cmss/m/n --> OT1/lmss/m/n on input line 32.
LaTeX Font Info:    Overwriting math alphabet `\mathit' in version `normal'
(Font)                  OT1/cmr/m/it --> OT1/lmr/m/it on input line 33.
LaTeX Font Info:    Overwriting math alphabet `\mathtt' in version `normal'
(Font)                  OT1/cmtt/m/n --> OT1/lmtt/m/n on input line 34.
LaTeX Font Info:    Overwriting math alphabet `\mathbf' in version `bold'
(Font)                  OT1/cmr/bx/n --> OT1/lmr/bx/n on input line 35.
LaTeX Font Info:    Overwriting math alphabet `\mathsf' in version `bold'
(Font)                  OT1/cmss/bx/n --> OT1/lmss/bx/n on input line 36.
LaTeX Font Info:    Overwriting math alphabet `\mathit' in version `bold'
(Font)                  OT1/cmr/bx/it --> OT1/lmr/bx/it on input line 37.
LaTeX Font Info:    Overwriting math alphabet `\mathtt' in version `bold'
(Font)                  OT1/cmtt/m/n --> OT1/lmtt/m/n on input line 38.
)
Package csquotes Info: Checking for multilingual support...
Package csquotes Info: ... none found.
 (/home/kunzst/Dokumente/Projects/Trait_DB/Invertebrate_traits/Paper/Submission_new/Latex_Supplementary_File.aux)
\openout1 = `Latex_Supplementary_File.aux'.

LaTeX Font Info:    Checking defaults for OML/cmm/m/it on input line 75.
LaTeX Font Info:    ... okay on input line 75.
LaTeX Font Info:    Checking defaults for T1/cmr/m/n on input line 75.
LaTeX Font Info:    ... okay on input line 75.
LaTeX Font Info:    Checking defaults for OT1/cmr/m/n on input line 75.
LaTeX Font Info:    ... okay on input line 75.
LaTeX Font Info:    Checking defaults for OMS/cmsy/m/n on input line 75.
LaTeX Font Info:    ... okay on input line 75.
LaTeX Font Info:    Checking defaults for OMX/cmex/m/n on input line 75.
LaTeX Font Info:    ... okay on input line 75.
LaTeX Font Info:    Checking defaults for U/cmr/m/n on input line 75.
LaTeX Font Info:    ... okay on input line 75.
LaTeX Font Info:    Checking defaults for PD1/pdf/m/n on input line 75.
LaTeX Font Info:    ... okay on input line 75.
LaTeX Font Info:    Try loading font information for OT1+lmr on input line 75.
 (/usr/share/texmf/tex/latex/lm/ot1lmr.fd
File: ot1lmr.fd 2009/10/30 v1.6 Font defs for Latin Modern
)
\AtBeginShipoutBox=\box44
Package hyperref Info: Link coloring OFF on input line 75.
 (/usr/share/texlive/texmf-dist/tex/latex/hyperref/nameref.sty
Package: nameref 2016/05/21 v2.44 Cross-referencing by name of section
 (/usr/share/texlive/texmf-dist/tex/generic/oberdiek/gettitlestring.sty
Package: gettitlestring 2016/05/16 v1.5 Cleanup title references (HO)
)
\c@section@level=\count143
)
LaTeX Info: Redefining \ref on input line 75.
LaTeX Info: Redefining \pageref on input line 75.
LaTeX Info: Redefining \nameref on input line 75.
 (/home/kunzst/Dokumente/Projects/Trait_DB/Invertebrate_traits/Paper/Submission_new/Latex_Supplementary_File.out) (/home/kunzst/Dokumente/Projects/Trait_DB/Invertebrate_traits/Paper/Submission_new/Latex_Supplementary_File.out)
\@outlinefile=\write4
\openout4 = `Latex_Supplementary_File.out'.

 (/usr/share/texlive/texmf-dist/tex/context/base/mkii/supp-pdf.mkii
[Loading MPS to PDF converter (version 2006.09.02).]
\scratchcounter=\count144
\scratchdimen=\dimen187
\scratchbox=\box45
\nofMPsegments=\count145
\nofMParguments=\count146
\everyMPshowfont=\toks37
\MPscratchCnt=\count147
\MPscratchDim=\dimen188
\MPnumerator=\count148
\makeMPintoPDFobject=\count149
\everyMPtoPDFconversion=\toks38
) (/usr/share/texlive/texmf-dist/tex/latex/oberdiek/epstopdf-base.sty
Package: epstopdf-base 2016/05/15 v2.6 Base part for package epstopdf
 (/usr/share/texlive/texmf-dist/tex/latex/oberdiek/grfext.sty
Package: grfext 2016/05/16 v1.2 Manage graphics extensions (HO)
)
Package epstopdf-base Info: Redefining graphics rule for `.eps' on input line 438.
Package grfext Info: Graphics extension search list:
(grfext)             [.pdf,.png,.jpg,.mps,.jpeg,.jbig2,.jb2,.PDF,.PNG,.JPG,.JPEG,.JBIG2,.JB2,.eps]
(grfext)             \AppendGraphicsExtensions on input line 456.
 (/usr/share/texlive/texmf-dist/tex/latex/latexconfig/epstopdf-sys.cfg
File: epstopdf-sys.cfg 2010/07/13 v1.3 Configuration of (r)epstopdf for TeX Live
)) ABD: EveryShipout initializing macros
Package caption Info: Begin \AtBeginDocument code.
Package caption Info: End \AtBeginDocument code.

*geometry* driver: auto-detecting
*geometry* detected driver: pdftex
*geometry* verbose mode - [ preamble ] result:
* driver: pdftex
* paper: <default>
* layout: <same size as paper>
* layoutoffset:(h,v)=(0.0pt,0.0pt)
* modes: 
* h-part:(L,W,R)=(92.14519pt, 430.00462pt, 92.14519pt)
* v-part:(T,H,B)=(95.39737pt, 556.47656pt, 143.09605pt)
* \paperwidth=614.295pt
* \paperheight=794.96999pt
* \textwidth=430.00462pt
* \textheight=556.47656pt
* \oddsidemargin=19.8752pt
* \evensidemargin=19.8752pt
* \topmargin=-13.87262pt
* \headheight=12.0pt
* \headsep=25.0pt
* \topskip=12.0pt
* \footskip=30.0pt
* \marginparwidth=44.0pt
* \marginparsep=10.0pt
* \columnsep=10.0pt
* \skip\footins=10.8pt plus 4.0pt minus 2.0pt
* \hoffset=0.0pt
* \voffset=0.0pt
* \mag=1000
* \@twocolumnfalse
* \@twosidefalse
* \@mparswitchfalse
* \@reversemarginfalse
* (1in=72.27pt=25.4mm, 1cm=28.453pt)

LaTeX Font Info:    Try loading font information for OML+lmm on input line 76.
(/usr/share/texmf/tex/latex/lm/omllmm.fd
File: omllmm.fd 2009/10/30 v1.6 Font defs for Latin Modern
)
LaTeX Font Info:    Try loading font information for OMS+lmsy on input line 76.
 (/usr/share/texmf/tex/latex/lm/omslmsy.fd
File: omslmsy.fd 2009/10/30 v1.6 Font defs for Latin Modern
)
LaTeX Font Info:    Try loading font information for OMX+lmex on input line 76.
 (/usr/share/texmf/tex/latex/lm/omxlmex.fd
File: omxlmex.fd 2009/10/30 v1.6 Font defs for Latin Modern
)
LaTeX Font Info:    External font `lmex10' loaded for size
(Font)              <14.4> on input line 76.
LaTeX Font Info:    External font `lmex10' loaded for size
(Font)              <10> on input line 76.
LaTeX Font Info:    External font `lmex10' loaded for size
(Font)              <7> on input line 76.
 [1

{/var/lib/texmf/fonts/map/pdftex/updmap/pdftex.map}] [2]
Overfull \hbox (91.80054pt too wide) in alignment at lines 79--82
 [] [] [] [] [] [] [] 
 []

LaTeX Font Info:    External font `lmex10' loaded for size
(Font)              <12> on input line 84.
LaTeX Font Info:    External font `lmex10' loaded for size
(Font)              <8> on input line 84.
LaTeX Font Info:    External font `lmex10' loaded for size
(Font)              <6> on input line 84.

Underfull \hbox (badness 10000) in paragraph at lines 86--86
[]|\OT1/lmr/m/n/12 Feeding
 []


Underfull \hbox (badness 1242) in paragraph at lines 87--87
\OT1/lmr/m/n/12 leaves, plant tis-
 []

LaTeX Font Info:    Try loading font information for OMS+lmr on input line 90.
(/usr/share/texmf/tex/latex/lm/omslmr.fd
File: omslmr.fd 2009/10/30 v1.6 Font defs for Latin Modern
)
LaTeX Font Info:    Font shape `OMS/lmr/m/n' in size <12> not available
(Font)              Font shape `OMS/lmsy/m/n' tried instead on input line 90.

Underfull \hbox (badness 10000) in paragraph at lines 90--91
[]\OT1/lmr/m/n/12 "Shred
 []


Underfull \hbox (badness 10000) in paragraph at lines 90--91
\OT1/lmr/m/n/12 de-com-
 []


Underfull \hbox (badness 10000) in paragraph at lines 90--91
\OT1/lmr/m/n/12 pos-ing
 []


Underfull \hbox (badness 10000) in paragraph at lines 90--91
\OT1/lmr/m/n/12 vas-cu-lar
 []


Underfull \hbox (badness 10000) in paragraph at lines 90--91
\OT1/lmr/m/n/12 plant
 []


Underfull \hbox (badness 10000) in paragraph at lines 91--92
[]\OT1/lmr/m/n/12 Trait
 []


Underfull \hbox (badness 10000) in paragraph at lines 91--92
\OT1/lmr/m/n/12 her-bi-
 []


Underfull \hbox (badness 10000) in paragraph at lines 91--92
\OT1/lmr/m/n/12 vore
 []


Underfull \hbox (badness 10000) in paragraph at lines 91--92
\OT1/lmr/m/n/12 in-cludes
 []


Underfull \hbox (badness 10000) in paragraph at lines 91--92
\OT1/lmr/m/n/12 among
 []


Underfull \hbox (badness 10000) in paragraph at lines 91--92
\OT1/lmr/m/n/12 oth-ers
 []


Underfull \hbox (badness 10000) in paragraph at lines 91--92
\OT1/lmr/m/n/12 in-sect
 []


Underfull \hbox (badness 10000) in paragraph at lines 91--92
\OT1/lmr/m/n/12 that
 []


Underfull \hbox (badness 10000) in paragraph at lines 91--92
\OT1/lmr/m/n/12 shred
 []


Underfull \hbox (badness 10000) in paragraph at lines 91--92
\OT1/lmr/m/it/12 liv-ing
 []


Underfull \hbox (badness 10000) in paragraph at lines 91--92
\OT1/lmr/m/it/12 aquatic
 []


Underfull \hbox (badness 10000) in paragraph at lines 96--97
[]\OT1/lmr/m/n/12 Trait her-
 []


Underfull \hbox (badness 10000) in paragraph at lines 96--97
\OT1/lmr/m/n/12 bi-vore
 []


Underfull \hbox (badness 10000) in paragraph at lines 96--97
\OT1/lmr/m/n/12 in-cludes
 []


Underfull \hbox (badness 10000) in paragraph at lines 101--101
[]|\OT1/lmr/m/n/12 Feeding
 []


Underfull \hbox (badness 10000) in paragraph at lines 102--102
[]|\OT1/lmr/m/n/12 "Eating from
 []


Underfull \hbox (badness 10000) in paragraph at lines 104--105
[]\OT1/lmr/m/n/12 Carvers,
 []


Underfull \hbox (badness 2913) in paragraph at lines 104--105
\OT1/lmr/m/n/12 en-gulfers &
 []


Underfull \hbox (badness 10000) in paragraph at lines 105--106
[]\OT1/lmr/m/n/12 Piercers
 []


Underfull \hbox (badness 10000) in paragraph at lines 105--106
\OT1/lmr/m/n/12 (plants &
 []


Underfull \hbox (badness 10000) in paragraph at lines 105--106
\OT1/lmr/m/n/12 an-i-mals)
 []


Underfull \hbox (badness 3088) in paragraph at lines 105--106
\OT1/lmr/m/n/12 are an ad-
 []


Underfull \hbox (badness 10000) in paragraph at lines 105--106
\OT1/lmr/m/n/12 di-tional
 []


Underfull \hbox (badness 10000) in paragraph at lines 107--108
[]|\OT1/lmr/m/n/12 Engulfers
 []


Underfull \hbox (badness 10000) in paragraph at lines 107--108
\OT1/lmr/m/n/12 ("in-gest prey
 []


Underfull \hbox (badness 10000) in paragraph at lines 107--108
\OT1/lmr/m/n/12 whole or in
 []


Underfull \hbox (badness 10000) in paragraph at lines 107--108
\OT1/lmr/m/n/12 parts") &
 []


Underfull \hbox (badness 10000) in paragraph at lines 107--108
\OT1/lmr/m/n/12 tis-sues and
 []


Underfull \hbox (badness 10000) in paragraph at lines 110--110
[]|\OT1/lmr/m/n/12 Piercer & en-
 []


Underfull \hbox (badness 10000) in paragraph at lines 114--114
[]|\OT1/lmr/m/n/12 Feeding
 []


Underfull \hbox (badness 10000) in paragraph at lines 114--114
\OT1/lmr/m/n/12 filter-
 []


Underfull \hbox (badness 2961) in paragraph at lines 115--115
[]|\OT1/lmr/m/n/12 Distinguishes be-
 []


Underfull \hbox (badness 10000) in paragraph at lines 118--118
[]|\OT1/lmr/m/n/12 No dis-tinc-tion
 []


Underfull \hbox (badness 10000) in paragraph at lines 118--118
\OT1/lmr/m/n/12 be-tween ac-tive
 []


Underfull \hbox (badness 10000) in paragraph at lines 120--122
[]|\OT1/lmr/m/n/12 No dis-tinc-
 []


Underfull \hbox (badness 2245) in paragraph at lines 120--122
\OT1/lmr/m/n/12 tion be-tween
 []


Underfull \hbox (badness 10000) in paragraph at lines 120--122
\OT1/lmr/m/n/12 ac-tive and
 []


Overfull \hbox (5.34329pt too wide) in paragraph at lines 123--123
[]|\OT1/lmr/m/n/12 Semivoltine| 
 []


Underfull \hbox (badness 10000) in paragraph at lines 124--124
[]|\OT1/lmr/m/n/12 "One gen-er-a-tion
 []


Underfull \hbox (badness 1107) in paragraph at lines 126--126
[]|\OT1/lmr/m/n/12 "$\OML/lmm/m/it/12 < \OT1/lmr/m/n/12 1$ gen-er-a-
 []


Underfull \hbox (badness 1360) in paragraph at lines 129--131
[]|\OT1/lmr/m/n/12 "$\OML/lmm/m/it/12 < \OT1/lmr/m/n/12 1$ re-pro-
 []


Underfull \hbox (badness 1540) in paragraph at lines 129--131
\OT1/lmr/m/n/12 duc-tive cy-cle
 []


Underfull \hbox (badness 10000) in paragraph at lines 132--132
[]|\OT1/lmr/m/n/12 Multi-
 []


Underfull \hbox (badness 5893) in paragraph at lines 133--133
[]|\OT1/lmr/m/n/12 "\OT1/lmr/m/it/12 Three \OT1/lmr/m/n/12 or more
 []


Underfull \hbox (badness 10000) in paragraph at lines 133--133
\OT1/lmr/m/n/12 gen-er-a-tions per
 []


Underfull \hbox (badness 10000) in paragraph at lines 134--134
[]|\OT1/lmr/m/n/12 "Able to com-
 []


Underfull \hbox (badness 10000) in paragraph at lines 134--134
\OT1/lmr/m/n/12 plete \OT1/lmr/m/it/12 at least
 []


Underfull \hbox (badness 10000) in paragraph at lines 134--134
\OT1/lmr/m/n/12 two suc-ces-sive
 []


Underfull \hbox (badness 10000) in paragraph at lines 134--134
\OT1/lmr/m/n/12 gen-er-a-tions per
 []


Underfull \hbox (badness 1107) in paragraph at lines 135--135
[]|\OT1/lmr/m/n/12 "$\OML/lmm/m/it/12 > \OT1/lmr/m/n/12 1$ gen-er-a-
 []


Underfull \hbox (badness 10000) in paragraph at lines 138--139
[]\OT1/lmr/m/n/12 1-2 gen-er-
 []


Underfull \hbox (badness 10000) in paragraph at lines 138--139
\OT1/lmr/m/n/12 a-tions per
 []


Underfull \hbox (badness 10000) in paragraph at lines 139--140
[]
 []


Overfull \hbox (15.68123pt too wide) in paragraph at lines 139--140
\OT1/lmr/m/n/12 bi/multivoltine 
 []


Underfull \hbox (badness 10000) in paragraph at lines 141--142
[]\OT1/lmr/m/n/12 up to 10
 []


Underfull \hbox (badness 10000) in paragraph at lines 141--142
\OT1/lmr/m/n/12 gen-er-a-tions
 []


Underfull \hbox (badness 1360) in paragraph at lines 144--146
[]|\OT1/lmr/m/n/12 "$\OML/lmm/m/it/12 > \OT1/lmr/m/n/12 1$ re-pro-
 []


Overfull \hbox (6.48308pt too wide) in paragraph at lines 147--147
[]|\OT1/lmr/m/n/12 Locomotion
 []


Underfull \hbox (badness 10000) in paragraph at lines 149--150
[]\OT1/lmr/m/n/12 Passive
 []


Underfull \hbox (badness 10000) in paragraph at lines 149--150
\OT1/lmr/m/n/12 move-ment
 []


Underfull \hbox (badness 1178) in paragraph at lines 149--150
\OT1/lmr/m/n/12 like float-ing
 []


Underfull \hbox (badness 10000) in paragraph at lines 149--150
\OT1/lmr/m/n/12 or drift-ing
 []


Overfull \hbox (7.35175pt too wide) in paragraph at lines 149--150
\OT1/lmr/m/n/12 ming/scating) 
 []


Underfull \hbox (badness 10000) in paragraph at lines 150--151
[]\OT1/lmr/m/n/12 Active
 []


Underfull \hbox (badness 10000) in paragraph at lines 150--151
\OT1/lmr/m/n/12 move-ment
 []


Overfull \hbox (3.04425pt too wide) in paragraph at lines 150--151
\OT1/lmr/m/n/12 ming/diving) 
 []


Underfull \hbox (badness 10000) in paragraph at lines 153--154
[]\OT1/lmr/m/n/12 Surface
 []


Underfull \hbox (badness 10000) in paragraph at lines 153--154
\OT1/lmr/m/n/12 swim-mers
 []


Underfull \hbox (badness 10000) in paragraph at lines 153--154
\OT1/lmr/m/n/12 (over and
 []


Underfull \hbox (badness 10000) in paragraph at lines 153--154
\OT1/lmr/m/n/12 un-der the
 []


Underfull \hbox (badness 10000) in paragraph at lines 153--154
\OT1/lmr/m/n/12 wa-ter sur-
 []


Underfull \hbox (badness 10000) in paragraph at lines 154--155
[]\OT1/lmr/m/n/12 Full wa-ter
 []


Underfull \hbox (badness 10000) in paragraph at lines 154--155
\OT1/lmr/m/n/12 swim-mers
 []


Underfull \hbox (badness 10000) in paragraph at lines 156--156
[]|\OT1/lmr/m/n/12 "Adapted
 []


Underfull \hbox (badness 10000) in paragraph at lines 156--156
\OT1/lmr/m/n/12 for "fish-like"
 []


Underfull \hbox (badness 10000) in paragraph at lines 158--158
[]|\OT1/lmr/m/n/12 Distinguishes
 []


Underfull \hbox (badness 10000) in paragraph at lines 158--158
\OT1/lmr/m/n/12 swim-mer and
 []


Underfull \hbox (badness 10000) in paragraph at lines 159--161
[]|\OT1/lmr/m/n/12 Swimmers
 []


Underfull \hbox (badness 10000) in paragraph at lines 159--161
\OT1/lmr/m/n/12 (wa-ter col-
 []


Overfull \hbox (6.48308pt too wide) in paragraph at lines 162--162
[]|\OT1/lmr/m/n/12 Locomotion
 []


Underfull \hbox (badness 10000) in paragraph at lines 165--166
[]\OT1/lmr/m/n/12 Burrowing
 []


Underfull \hbox (badness 10000) in paragraph at lines 165--166
\OT1/lmr/m/n/12 "within
 []


Underfull \hbox (badness 10000) in paragraph at lines 165--166
\OT1/lmr/m/n/12 the first
 []


Underfull \hbox (badness 10000) in paragraph at lines 165--166
\OT1/lmr/m/n/12 cen-time-
 []


Underfull \hbox (badness 2799) in paragraph at lines 165--166
\OT1/lmr/m/n/12 ters of the
 []


Underfull \hbox (badness 1178) in paragraph at lines 165--166
\OT1/lmr/m/n/12 ben-thic fine
 []


Underfull \hbox (badness 10000) in paragraph at lines 166--167
[]
 []


Overfull \hbox (3.9217pt too wide) in paragraph at lines 166--167
\OT1/lmr/m/n/12 Differentiates
 []


Underfull \hbox (badness 10000) in paragraph at lines 166--167
\OT1/lmr/m/n/12 in-ter-sti-tial
 []


Underfull \hbox (badness 10000) in paragraph at lines 166--167
\OT1/lmr/m/n/12 (en-doben-
 []


Underfull \hbox (badness 10000) in paragraph at lines 168--168
[]|\OT1/lmr/m/n/12 "Inhabiting
 []


Underfull \hbox (badness 8038) in paragraph at lines 168--168
\OT1/lmr/m/it/12 fine \OT1/lmr/m/n/12 sed-i-ment
 []


Underfull \hbox (badness 10000) in paragraph at lines 170--170
[]|\OT1/lmr/m/n/12 "Moving deep
 []


Underfull \hbox (badness 10000) in paragraph at lines 171--173
[]|\OT1/lmr/m/n/12 Burrowers
 []


Overfull \hbox (6.48308pt too wide) in paragraph at lines 174--174
[]|\OT1/lmr/m/n/12 Locomotion
 []


Underfull \hbox (badness 10000) in paragraph at lines 174--174
\OT1/lmr/m/n/12 sprawl-ing
 []


Underfull \hbox (badness 10000) in paragraph at lines 175--175
[]|\OT1/lmr/m/n/12 "Sprawling or
 []


Underfull \hbox (badness 10000) in paragraph at lines 175--175
\OT1/lmr/m/n/12 walk-ing ac-tively
 []


Underfull \hbox (badness 3291) in paragraph at lines 175--175
\OT1/lmr/m/n/12 with legs, pseu-
 []


Underfull \hbox (badness 2334) in paragraph at lines 175--175
\OT1/lmr/m/n/12 dopods or on a
 []


Underfull \hbox (badness 10000) in paragraph at lines 177--177
[]|\OT1/lmr/m/n/12 Sprawling:
 []


Underfull \hbox (badness 10000) in paragraph at lines 177--177
\OT1/lmr/m/n/12 "in-hab-it-ing
 []


Underfull \hbox (badness 1314) in paragraph at lines 177--177
\OT1/lmr/m/n/12 float-ing leaves
 []


Underfull \hbox (badness 10000) in paragraph at lines 177--177
\OT1/lmr/m/n/12 of vas-cu-lar
 []


Overfull \hbox (6.48308pt too wide) in paragraph at lines 182--182
[]|\OT1/lmr/m/n/12 Locomotion
 []


Underfull \hbox (badness 10000) in paragraph at lines 184--184
[]|\OT1/lmr/m/n/12 "Crawling over
 []


Underfull \hbox (badness 1975) in paragraph at lines 184--184
\OT1/lmr/m/n/12 the bot-tom sub-
 []


Underfull \hbox (badness 10000) in paragraph at lines 185--185
[]|\OT1/lmr/m/n/12 Defined as
 []


Underfull \hbox (badness 10000) in paragraph at lines 185--185
\OT1/lmr/m/n/12 crawl-ing on
 []


Underfull \hbox (badness 10000) in paragraph at lines 185--185
\OT1/lmr/m/n/12 the sur-face
 []


Underfull \hbox (badness 10000) in paragraph at lines 185--185
\OT1/lmr/m/n/12 of float-ing
 []


Underfull \hbox (badness 1924) in paragraph at lines 185--185
\OT1/lmr/m/n/12 leaves or fine
 []


Underfull \hbox (badness 10000) in paragraph at lines 185--185
\OT1/lmr/m/n/12 sed-i-ments on
 []


Underfull \hbox (badness 10000) in paragraph at lines 187--188
[]|\OT1/lmr/m/n/12 Database con-
 []


Underfull \hbox (badness 10000) in paragraph at lines 187--188
\OT1/lmr/m/n/12 tains traits
 []


Underfull \hbox (badness 10000) in paragraph at lines 187--188
\OT1/lmr/m/n/12 climber and
 []


Underfull \hbox (badness 10000) in paragraph at lines 189--190
[]|\OT1/lmr/m/n/12 Crawlers
 []


Overfull \hbox (6.48308pt too wide) in paragraph at lines 191--191
[]|\OT1/lmr/m/n/12 Locomotion
 []


Underfull \hbox (badness 2426) in paragraph at lines 192--192
[]|\OT1/lmr/m/n/12 Does not dis-tin-
 []


Underfull \hbox (badness 4084) in paragraph at lines 192--192
\OT1/lmr/m/n/12 and per-ma-nently
 []


Underfull \hbox (badness 10000) in paragraph at lines 193--193
[]|\OT1/lmr/m/n/12 Distinguishes
 []


Underfull \hbox (badness 10000) in paragraph at lines 193--193
\OT1/lmr/m/n/12 tem-porar-ily and
 []


Underfull \hbox (badness 10000) in paragraph at lines 193--193
\OT1/lmr/m/n/12 per-ma-nently
 []


Underfull \hbox (badness 1072) in paragraph at lines 194--194
[]|\OT1/lmr/m/n/12 Does not dis-
 []


Underfull \hbox (badness 7362) in paragraph at lines 194--194
\OT1/lmr/m/n/12 tin-guish tem-
 []


Underfull \hbox (badness 10000) in paragraph at lines 194--194
\OT1/lmr/m/n/12 porar-ily and
 []


Underfull \hbox (badness 10000) in paragraph at lines 194--194
\OT1/lmr/m/n/12 per-ma-nently
 []


Underfull \hbox (badness 1484) in paragraph at lines 195--195
\OT1/lmr/m/n/12 ily and per-ma-
 []


Underfull \hbox (badness 10000) in paragraph at lines 196--196
[]|\OT1/lmr/m/n/12 Distinguishes
 []


Underfull \hbox (badness 7186) in paragraph at lines 196--196
\OT1/lmr/m/n/12 tem-porar-ily and
 []


Underfull \hbox (badness 10000) in paragraph at lines 196--196
\OT1/lmr/m/n/12 per-ma-nently
 []


Underfull \hbox (badness 10000) in paragraph at lines 197--198
[]|\OT1/lmr/m/n/12 Does not
 []


Underfull \hbox (badness 10000) in paragraph at lines 197--198
\OT1/lmr/m/n/12 dis-tin-guish
 []


Underfull \hbox (badness 10000) in paragraph at lines 197--198
\OT1/lmr/m/n/12 tem-porar-ily
 []


Underfull \hbox (badness 10000) in paragraph at lines 197--198
\OT1/lmr/m/n/12 and per-
 []


Underfull \hbox (badness 10000) in paragraph at lines 197--198
\OT1/lmr/m/n/12 ma-nently
 []


Overfull \hbox (4.9162pt too wide) in paragraph at lines 199--199
[]|\OT1/lmr/m/n/12 Respiration
 []


Underfull \hbox (badness 10000) in paragraph at lines 199--199
\OT1/lmr/m/n/12 plas-tron
 []


Underfull \hbox (badness 4181) in paragraph at lines 200--200
\OT1/lmr/m/n/12 a-cle (aerial) are
 []


Underfull \hbox (badness 10000) in paragraph at lines 201--201
[]|\OT1/lmr/m/n/12 Definition in-
 []


Underfull \hbox (badness 10000) in paragraph at lines 202--202
[]|\OT1/lmr/m/n/12 Plastron and
 []


Underfull \hbox (badness 10000) in paragraph at lines 202--202
\OT1/lmr/m/n/12 spir-a-cle com-
 []


Underfull \hbox (badness 10000) in paragraph at lines 203--203
[]|\OT1/lmr/m/n/12 Distinguishes
 []


Underfull \hbox (badness 5711) in paragraph at lines 203--203
\OT1/lmr/m/n/12 spirac-u-lar gills,
 []


Underfull \hbox (badness 10000) in paragraph at lines 203--203
\OT1/lmr/m/n/12 plas-tron, at-
 []


Underfull \hbox (badness 10000) in paragraph at lines 203--203
\OT1/lmr/m/n/12 mo-spheric
 []


Underfull \hbox (badness 10000) in paragraph at lines 203--203
\OT1/lmr/m/n/12 breathers and
 []


Underfull \hbox (badness 10000) in paragraph at lines 204--204
[]|\OT1/lmr/m/n/12 Plastron and
 []


Underfull \hbox (badness 7012) in paragraph at lines 204--204
\OT1/lmr/m/n/12 spir-a-cle (termed
 []


Underfull \hbox (badness 10000) in paragraph at lines 204--204
\OT1/lmr/m/n/12 aerial) oc-cur
 []


Underfull \hbox (badness 10000) in paragraph at lines 204--204
\OT1/lmr/m/n/12 as sep-a-rate
 []


Underfull \hbox (badness 10000) in paragraph at lines 204--204
\OT1/lmr/m/n/12 and com-bined
 []


Underfull \hbox (badness 10000) in paragraph at lines 204--204
\OT1/lmr/m/n/12 traits. Con-
 []


Underfull \hbox (badness 10000) in paragraph at lines 204--204
\OT1/lmr/m/n/12 air (plants),
 []


Underfull \hbox (badness 10000) in paragraph at lines 204--204
\OT1/lmr/m/n/12 at-mo-spheric,
 []


Underfull \hbox (badness 10000) in paragraph at lines 204--204
\OT1/lmr/m/n/12 and func-tional
 []


Underfull \hbox (badness 10000) in paragraph at lines 205--206
[]|\OT1/lmr/m/n/12 Distinguishes
 []


Underfull \hbox (badness 10000) in paragraph at lines 205--206
\OT1/lmr/m/n/12 plas-tron
 []


Underfull \hbox (badness 10000) in paragraph at lines 205--206
\OT1/lmr/m/n/12 and spir-a-
 []


Underfull \hbox (badness 10000) in paragraph at lines 205--206
\OT1/lmr/m/n/12 cle (termed
 []


Underfull \hbox (badness 1248) in paragraph at lines 207--207
[]|\OT1/lmr/m/n/12 Body size
 []


Overfull \hbox (3.0084pt too wide) in paragraph at lines 213--215
[]|[]| 
 []


Underfull \hbox (badness 1248) in paragraph at lines 217--217
[]|\OT1/lmr/m/n/12 Body size
 []


Underfull \hbox (badness 1248) in paragraph at lines 226--226
[]|\OT1/lmr/m/n/12 Body size
 []


Overfull \hbox (91.80054pt too wide) in alignment at lines 82--234
 [] [] [] [] [] [] [] 
 []


Underfull \vbox (badness 10000) detected at line 234
 []

[3

] [4] [5] [6] [7] [8] [9]
LaTeX Font Info:    External font `lmex10' loaded for size
(Font)              <5> on input line 236.

Overfull \hbox (17.62482pt too wide) in paragraph at lines 235--247
[]$[]$ 
 []

[10]
<Figures/Deviances_trait_agg_pyne.png, id=60, 711.1368pt x 369.7815pt>
File: Figures/Deviances_trait_agg_pyne.png Graphic file (type png)
<use Figures/Deviances_trait_agg_pyne.png>
Package pdftex.def Info: Figures/Deviances_trait_agg_pyne.png  used on input line 257.
(pdftex.def)             Requested size: 426.79388pt x 341.4557pt.
<Figures/Overview_sim_results_T2_T3.png, id=61, 711.1368pt x 369.7815pt>
File: Figures/Overview_sim_results_T2_T3.png Graphic file (type png)
<use Figures/Overview_sim_results_T2_T3.png>
Package pdftex.def Info: Figures/Overview_sim_results_T2_T3.png  used on input line 266.
(pdftex.def)             Requested size: 469.4711pt x 284.54642pt.

Overfull \hbox (39.46648pt too wide) in paragraph at lines 266--267
 [][] 
 []

[11

 </home/kunzst/Dokumente/Projects/Trait_DB/Invertebrate_traits/Paper/Submission_new/Figures/Deviances_trait_agg_pyne.png (PNG copy)>]
<Figures/taxonomic_hierarchy_NOA.png, id=70, 625.8582pt x 341.3553pt>
File: Figures/taxonomic_hierarchy_NOA.png Graphic file (type png)
<use Figures/taxonomic_hierarchy_NOA.png>
Package pdftex.def Info: Figures/taxonomic_hierarchy_NOA.png  used on input line 276.
(pdftex.def)             Requested size: 469.47844pt x 284.53322pt.

Overfull \hbox (39.47382pt too wide) in paragraph at lines 276--277
 [][] 
 []

[12 </home/kunzst/Dokumente/Projects/Trait_DB/Invertebrate_traits/Paper/Submission_new/Figures/Overview_sim_results_T2_T3.png (PNG copy)>]
<Figures/taxonomic_hierarchy_AUS.png, id=77, 625.8582pt x 341.3553pt>
File: Figures/taxonomic_hierarchy_AUS.png Graphic file (type png)
<use Figures/taxonomic_hierarchy_AUS.png>
Package pdftex.def Info: Figures/taxonomic_hierarchy_AUS.png  used on input line 283.
(pdftex.def)             Requested size: 469.47844pt x 284.53322pt.

Overfull \hbox (39.47382pt too wide) in paragraph at lines 283--284
 [][] 
 []

[13 </home/kunzst/Dokumente/Projects/Trait_DB/Invertebrate_traits/Paper/Submission_new/Figures/taxonomic_hierarchy_NOA.png (PNG copy)>] [14 </home/kunzst/Dokumente/Projects/Trait_DB/Invertebrate_traits/Paper/Submission_new/Figures/taxonomic_hierarchy_AUS.png (PNG copy)>]
Overfull \hbox (11.3907pt too wide) in paragraph at lines 296--333
 [][] 
 []


Overfull \vbox (3.52159pt too high) has occurred while \output is active []

 [15]
<Figures/boxplot_scores_combined_REMAIN_SI.png, id=96, 995.6397pt x 711.1368pt>
File: Figures/boxplot_scores_combined_REMAIN_SI.png Graphic file (type png)
<use Figures/boxplot_scores_combined_REMAIN_SI.png>
Package pdftex.def Info: Figures/boxplot_scores_combined_REMAIN_SI.png  used on input line 337.
(pdftex.def)             Requested size: 526.38pt x 455.24536pt.

Overfull \hbox (96.37538pt too wide) in paragraph at lines 337--339
 [][] 
 []

Package atveryend Info: Empty hook `BeforeClearDocument' on input line 344.
[16 </home/kunzst/Dokumente/Projects/Trait_DB/Invertebrate_traits/Paper/Submission_new/Figures/boxplot_scores_combined_REMAIN_SI.png (PNG copy)>]
Package atveryend Info: Empty hook `AfterLastShipout' on input line 344.
 (/home/kunzst/Dokumente/Projects/Trait_DB/Invertebrate_traits/Paper/Submission_new/Latex_Supplementary_File.aux)
Package atveryend Info: Executing hook `AtVeryEndDocument' on input line 344.
Package atveryend Info: Executing hook `AtEndAfterFileList' on input line 344.
Package rerunfilecheck Info: File `Latex_Supplementary_File.out' has not changed.
(rerunfilecheck)             Checksum: D41D8CD98F00B204E9800998ECF8427E;0.
Package atveryend Info: Empty hook `AtVeryVeryEnd' on input line 344.
 ) 
Here is how much of TeX's memory you used:
 18224 strings out of 492982
 337391 string characters out of 6134895
 461781 words of memory out of 5000000
 21427 multiletter control sequences out of 15000+600000
 46651 words of font info for 42 fonts, out of 8000000 for 9000
 1141 hyphenation exceptions out of 8191
 55i,18n,54p,1036b,568s stack positions out of 5000i,500n,10000p,200000b,80000s
{/usr/share/texmf/fonts/enc/dvips/lm/lm-rm.enc}{/usr/share/texmf/fonts/enc/dvips/lm/lm-mathit.enc}{/usr/share/texmf/fonts/enc/dvips/lm/lm-mathsy.enc}</usr/share/texmf/fonts/type1/public/lm/lmbx12.pfb></usr/share/texmf/fonts/type1/public/lm/lmmi12.pfb></usr/share/texmf/fonts/type1/public/lm/lmmi8.pfb></usr/share/texmf/fonts/type1/public/lm/lmr10.pfb></usr/share/texmf/fonts/type1/public/lm/lmr12.pfb></usr/share/texmf/fonts/type1/public/lm/lmr17.pfb></usr/share/texmf/fonts/type1/public/lm/lmr8.pfb></usr/share/texmf/fonts/type1/public/lm/lmri12.pfb></usr/share/texmf/fonts/type1/public/lm/lmri8.pfb></usr/share/texmf/fonts/type1/public/lm/lmsy10.pfb></usr/share/texmf/fonts/type1/public/lm/lmsy8.pfb>
Output written on /home/kunzst/Dokumente/Projects/Trait_DB/Invertebrate_traits/Paper/Submission_new/Latex_Supplementary_File.pdf (16 pages, 1789103 bytes).
PDF statistics:
 149 PDF objects out of 1000 (max. 8388607)
 113 compressed objects within 2 object streams
 29 named destinations out of 1000 (max. 500000)
 38 words of extra memory for PDF output out of 10000 (max. 10000000)

