This is pdfTeX, Version 3.14159265-2.6-1.40.18 (TeX Live 2017/Debian) (preloaded format=pdflatex 2020.10.12)  21 DEC 2020 12:49
entering extended mode
 restricted \write18 enabled.
 file:line:error style messages enabled.
 %&-line parsing enabled.
**/home/kunzst/Dokumente/Projects/Trait_DB/Invertebrate_traits/Paper/Draft_harmonization_paper.tex
(/home/kunzst/Dokumente/Projects/Trait_DB/Invertebrate_traits/Paper/Draft_harmonization_paper.tex
LaTeX2e <2017-04-15>
Babel <3.18> and hyphenation patterns for 84 language(s) loaded.
(/usr/share/texlive/texmf-dist/tex/latex/base/article.cls
Document Class: article 2014/09/29 v1.4h Standard LaTeX document class
(/usr/share/texlive/texmf-dist/tex/latex/base/size10.clo
File: size10.clo 2014/09/29 v1.4h Standard LaTeX file (size option)
)
\c@part=\count79
\c@section=\count80
\c@subsection=\count81
\c@subsubsection=\count82
\c@paragraph=\count83
\c@subparagraph=\count84
\c@figure=\count85
\c@table=\count86
\abovecaptionskip=\skip41
\belowcaptionskip=\skip42
\bibindent=\dimen102
) (/usr/share/texlive/texmf-dist/tex/latex/base/inputenc.sty
Package: inputenc 2015/03/17 v1.2c Input encoding file
\inpenc@prehook=\toks14
\inpenc@posthook=\toks15
 (/usr/share/texlive/texmf-dist/tex/latex/base/utf8.def
File: utf8.def 2017/01/28 v1.1t UTF-8 support for inputenc
Now handling font encoding OML ...
... no UTF-8 mapping file for font encoding OML
Now handling font encoding T1 ...
... processing UTF-8 mapping file for font encoding T1
 (/usr/share/texlive/texmf-dist/tex/latex/base/t1enc.dfu
File: t1enc.dfu 2017/01/28 v1.1t UTF-8 support for inputenc
   defining Unicode char U+00A0 (decimal 160)
   defining Unicode char U+00A1 (decimal 161)
   defining Unicode char U+00A3 (decimal 163)
   defining Unicode char U+00AB (decimal 171)
   defining Unicode char U+00AD (decimal 173)
   defining Unicode char U+00BB (decimal 187)
   defining Unicode char U+00BF (decimal 191)
   defining Unicode char U+00C0 (decimal 192)
   defining Unicode char U+00C1 (decimal 193)
   defining Unicode char U+00C2 (decimal 194)
   defining Unicode char U+00C3 (decimal 195)
   defining Unicode char U+00C4 (decimal 196)
   defining Unicode char U+00C5 (decimal 197)
   defining Unicode char U+00C6 (decimal 198)
   defining Unicode char U+00C7 (decimal 199)
   defining Unicode char U+00C8 (decimal 200)
   defining Unicode char U+00C9 (decimal 201)
   defining Unicode char U+00CA (decimal 202)
   defining Unicode char U+00CB (decimal 203)
   defining Unicode char U+00CC (decimal 204)
   defining Unicode char U+00CD (decimal 205)
   defining Unicode char U+00CE (decimal 206)
   defining Unicode char U+00CF (decimal 207)
   defining Unicode char U+00D0 (decimal 208)
   defining Unicode char U+00D1 (decimal 209)
   defining Unicode char U+00D2 (decimal 210)
   defining Unicode char U+00D3 (decimal 211)
   defining Unicode char U+00D4 (decimal 212)
   defining Unicode char U+00D5 (decimal 213)
   defining Unicode char U+00D6 (decimal 214)
   defining Unicode char U+00D8 (decimal 216)
   defining Unicode char U+00D9 (decimal 217)
   defining Unicode char U+00DA (decimal 218)
   defining Unicode char U+00DB (decimal 219)
   defining Unicode char U+00DC (decimal 220)
   defining Unicode char U+00DD (decimal 221)
   defining Unicode char U+00DE (decimal 222)
   defining Unicode char U+00DF (decimal 223)
   defining Unicode char U+00E0 (decimal 224)
   defining Unicode char U+00E1 (decimal 225)
   defining Unicode char U+00E2 (decimal 226)
   defining Unicode char U+00E3 (decimal 227)
   defining Unicode char U+00E4 (decimal 228)
   defining Unicode char U+00E5 (decimal 229)
   defining Unicode char U+00E6 (decimal 230)
   defining Unicode char U+00E7 (decimal 231)
   defining Unicode char U+00E8 (decimal 232)
   defining Unicode char U+00E9 (decimal 233)
   defining Unicode char U+00EA (decimal 234)
   defining Unicode char U+00EB (decimal 235)
   defining Unicode char U+00EC (decimal 236)
   defining Unicode char U+00ED (decimal 237)
   defining Unicode char U+00EE (decimal 238)
   defining Unicode char U+00EF (decimal 239)
   defining Unicode char U+00F0 (decimal 240)
   defining Unicode char U+00F1 (decimal 241)
   defining Unicode char U+00F2 (decimal 242)
   defining Unicode char U+00F3 (decimal 243)
   defining Unicode char U+00F4 (decimal 244)
   defining Unicode char U+00F5 (decimal 245)
   defining Unicode char U+00F6 (decimal 246)
   defining Unicode char U+00F8 (decimal 248)
   defining Unicode char U+00F9 (decimal 249)
   defining Unicode char U+00FA (decimal 250)
   defining Unicode char U+00FB (decimal 251)
   defining Unicode char U+00FC (decimal 252)
   defining Unicode char U+00FD (decimal 253)
   defining Unicode char U+00FE (decimal 254)
   defining Unicode char U+00FF (decimal 255)
   defining Unicode char U+0100 (decimal 256)
   defining Unicode char U+0101 (decimal 257)
   defining Unicode char U+0102 (decimal 258)
   defining Unicode char U+0103 (decimal 259)
   defining Unicode char U+0104 (decimal 260)
   defining Unicode char U+0105 (decimal 261)
   defining Unicode char U+0106 (decimal 262)
   defining Unicode char U+0107 (decimal 263)
   defining Unicode char U+0108 (decimal 264)
   defining Unicode char U+0109 (decimal 265)
   defining Unicode char U+010A (decimal 266)
   defining Unicode char U+010B (decimal 267)
   defining Unicode char U+010C (decimal 268)
   defining Unicode char U+010D (decimal 269)
   defining Unicode char U+010E (decimal 270)
   defining Unicode char U+010F (decimal 271)
   defining Unicode char U+0110 (decimal 272)
   defining Unicode char U+0111 (decimal 273)
   defining Unicode char U+0112 (decimal 274)
   defining Unicode char U+0113 (decimal 275)
   defining Unicode char U+0114 (decimal 276)
   defining Unicode char U+0115 (decimal 277)
   defining Unicode char U+0116 (decimal 278)
   defining Unicode char U+0117 (decimal 279)
   defining Unicode char U+0118 (decimal 280)
   defining Unicode char U+0119 (decimal 281)
   defining Unicode char U+011A (decimal 282)
   defining Unicode char U+011B (decimal 283)
   defining Unicode char U+011C (decimal 284)
   defining Unicode char U+011D (decimal 285)
   defining Unicode char U+011E (decimal 286)
   defining Unicode char U+011F (decimal 287)
   defining Unicode char U+0120 (decimal 288)
   defining Unicode char U+0121 (decimal 289)
   defining Unicode char U+0122 (decimal 290)
   defining Unicode char U+0123 (decimal 291)
   defining Unicode char U+0124 (decimal 292)
   defining Unicode char U+0125 (decimal 293)
   defining Unicode char U+0128 (decimal 296)
   defining Unicode char U+0129 (decimal 297)
   defining Unicode char U+012A (decimal 298)
   defining Unicode char U+012B (decimal 299)
   defining Unicode char U+012C (decimal 300)
   defining Unicode char U+012D (decimal 301)
   defining Unicode char U+012E (decimal 302)
   defining Unicode char U+012F (decimal 303)
   defining Unicode char U+0130 (decimal 304)
   defining Unicode char U+0131 (decimal 305)
   defining Unicode char U+0132 (decimal 306)
   defining Unicode char U+0133 (decimal 307)
   defining Unicode char U+0134 (decimal 308)
   defining Unicode char U+0135 (decimal 309)
   defining Unicode char U+0136 (decimal 310)
   defining Unicode char U+0137 (decimal 311)
   defining Unicode char U+0139 (decimal 313)
   defining Unicode char U+013A (decimal 314)
   defining Unicode char U+013B (decimal 315)
   defining Unicode char U+013C (decimal 316)
   defining Unicode char U+013D (decimal 317)
   defining Unicode char U+013E (decimal 318)
   defining Unicode char U+0141 (decimal 321)
   defining Unicode char U+0142 (decimal 322)
   defining Unicode char U+0143 (decimal 323)
   defining Unicode char U+0144 (decimal 324)
   defining Unicode char U+0145 (decimal 325)
   defining Unicode char U+0146 (decimal 326)
   defining Unicode char U+0147 (decimal 327)
   defining Unicode char U+0148 (decimal 328)
   defining Unicode char U+014A (decimal 330)
   defining Unicode char U+014B (decimal 331)
   defining Unicode char U+014C (decimal 332)
   defining Unicode char U+014D (decimal 333)
   defining Unicode char U+014E (decimal 334)
   defining Unicode char U+014F (decimal 335)
   defining Unicode char U+0150 (decimal 336)
   defining Unicode char U+0151 (decimal 337)
   defining Unicode char U+0152 (decimal 338)
   defining Unicode char U+0153 (decimal 339)
   defining Unicode char U+0154 (decimal 340)
   defining Unicode char U+0155 (decimal 341)
   defining Unicode char U+0156 (decimal 342)
   defining Unicode char U+0157 (decimal 343)
   defining Unicode char U+0158 (decimal 344)
   defining Unicode char U+0159 (decimal 345)
   defining Unicode char U+015A (decimal 346)
   defining Unicode char U+015B (decimal 347)
   defining Unicode char U+015C (decimal 348)
   defining Unicode char U+015D (decimal 349)
   defining Unicode char U+015E (decimal 350)
   defining Unicode char U+015F (decimal 351)
   defining Unicode char U+0160 (decimal 352)
   defining Unicode char U+0161 (decimal 353)
   defining Unicode char U+0162 (decimal 354)
   defining Unicode char U+0163 (decimal 355)
   defining Unicode char U+0164 (decimal 356)
   defining Unicode char U+0165 (decimal 357)
   defining Unicode char U+0168 (decimal 360)
   defining Unicode char U+0169 (decimal 361)
   defining Unicode char U+016A (decimal 362)
   defining Unicode char U+016B (decimal 363)
   defining Unicode char U+016C (decimal 364)
   defining Unicode char U+016D (decimal 365)
   defining Unicode char U+016E (decimal 366)
   defining Unicode char U+016F (decimal 367)
   defining Unicode char U+0170 (decimal 368)
   defining Unicode char U+0171 (decimal 369)
   defining Unicode char U+0172 (decimal 370)
   defining Unicode char U+0173 (decimal 371)
   defining Unicode char U+0174 (decimal 372)
   defining Unicode char U+0175 (decimal 373)
   defining Unicode char U+0176 (decimal 374)
   defining Unicode char U+0177 (decimal 375)
   defining Unicode char U+0178 (decimal 376)
   defining Unicode char U+0179 (decimal 377)
   defining Unicode char U+017A (decimal 378)
   defining Unicode char U+017B (decimal 379)
   defining Unicode char U+017C (decimal 380)
   defining Unicode char U+017D (decimal 381)
   defining Unicode char U+017E (decimal 382)
   defining Unicode char U+01CD (decimal 461)
   defining Unicode char U+01CE (decimal 462)
   defining Unicode char U+01CF (decimal 463)
   defining Unicode char U+01D0 (decimal 464)
   defining Unicode char U+01D1 (decimal 465)
   defining Unicode char U+01D2 (decimal 466)
   defining Unicode char U+01D3 (decimal 467)
   defining Unicode char U+01D4 (decimal 468)
   defining Unicode char U+01E2 (decimal 482)
   defining Unicode char U+01E3 (decimal 483)
   defining Unicode char U+01E6 (decimal 486)
   defining Unicode char U+01E7 (decimal 487)
   defining Unicode char U+01E8 (decimal 488)
   defining Unicode char U+01E9 (decimal 489)
   defining Unicode char U+01EA (decimal 490)
   defining Unicode char U+01EB (decimal 491)
   defining Unicode char U+01F0 (decimal 496)
   defining Unicode char U+01F4 (decimal 500)
   defining Unicode char U+01F5 (decimal 501)
   defining Unicode char U+0218 (decimal 536)
   defining Unicode char U+0219 (decimal 537)
   defining Unicode char U+021A (decimal 538)
   defining Unicode char U+021B (decimal 539)
   defining Unicode char U+0232 (decimal 562)
   defining Unicode char U+0233 (decimal 563)
   defining Unicode char U+1E02 (decimal 7682)
   defining Unicode char U+1E03 (decimal 7683)
   defining Unicode char U+200C (decimal 8204)
   defining Unicode char U+2010 (decimal 8208)
   defining Unicode char U+2011 (decimal 8209)
   defining Unicode char U+2012 (decimal 8210)
   defining Unicode char U+2013 (decimal 8211)
   defining Unicode char U+2014 (decimal 8212)
   defining Unicode char U+2015 (decimal 8213)
   defining Unicode char U+2018 (decimal 8216)
   defining Unicode char U+2019 (decimal 8217)
   defining Unicode char U+201A (decimal 8218)
   defining Unicode char U+201C (decimal 8220)
   defining Unicode char U+201D (decimal 8221)
   defining Unicode char U+201E (decimal 8222)
   defining Unicode char U+2030 (decimal 8240)
   defining Unicode char U+2031 (decimal 8241)
   defining Unicode char U+2039 (decimal 8249)
   defining Unicode char U+203A (decimal 8250)
   defining Unicode char U+2423 (decimal 9251)
   defining Unicode char U+1E20 (decimal 7712)
   defining Unicode char U+1E21 (decimal 7713)
)
Now handling font encoding OT1 ...
... processing UTF-8 mapping file for font encoding OT1
 (/usr/share/texlive/texmf-dist/tex/latex/base/ot1enc.dfu
File: ot1enc.dfu 2017/01/28 v1.1t UTF-8 support for inputenc
   defining Unicode char U+00A0 (decimal 160)
   defining Unicode char U+00A1 (decimal 161)
   defining Unicode char U+00A3 (decimal 163)
   defining Unicode char U+00AD (decimal 173)
   defining Unicode char U+00B8 (decimal 184)
   defining Unicode char U+00BF (decimal 191)
   defining Unicode char U+00C5 (decimal 197)
   defining Unicode char U+00C6 (decimal 198)
   defining Unicode char U+00D8 (decimal 216)
   defining Unicode char U+00DF (decimal 223)
   defining Unicode char U+00E6 (decimal 230)
   defining Unicode char U+00EC (decimal 236)
   defining Unicode char U+00ED (decimal 237)
   defining Unicode char U+00EE (decimal 238)
   defining Unicode char U+00EF (decimal 239)
   defining Unicode char U+00F8 (decimal 248)
   defining Unicode char U+0131 (decimal 305)
   defining Unicode char U+0141 (decimal 321)
   defining Unicode char U+0142 (decimal 322)
   defining Unicode char U+0152 (decimal 338)
   defining Unicode char U+0153 (decimal 339)
   defining Unicode char U+0174 (decimal 372)
   defining Unicode char U+0175 (decimal 373)
   defining Unicode char U+0176 (decimal 374)
   defining Unicode char U+0177 (decimal 375)
   defining Unicode char U+0218 (decimal 536)
   defining Unicode char U+0219 (decimal 537)
   defining Unicode char U+021A (decimal 538)
   defining Unicode char U+021B (decimal 539)
   defining Unicode char U+2013 (decimal 8211)
   defining Unicode char U+2014 (decimal 8212)
   defining Unicode char U+2018 (decimal 8216)
   defining Unicode char U+2019 (decimal 8217)
   defining Unicode char U+201C (decimal 8220)
   defining Unicode char U+201D (decimal 8221)
)
Now handling font encoding OMS ...
... processing UTF-8 mapping file for font encoding OMS
 (/usr/share/texlive/texmf-dist/tex/latex/base/omsenc.dfu
File: omsenc.dfu 2017/01/28 v1.1t UTF-8 support for inputenc
   defining Unicode char U+00A7 (decimal 167)
   defining Unicode char U+00B6 (decimal 182)
   defining Unicode char U+00B7 (decimal 183)
   defining Unicode char U+2020 (decimal 8224)
   defining Unicode char U+2021 (decimal 8225)
   defining Unicode char U+2022 (decimal 8226)
)
Now handling font encoding OMX ...
... no UTF-8 mapping file for font encoding OMX
Now handling font encoding U ...
... no UTF-8 mapping file for font encoding U
   defining Unicode char U+00A9 (decimal 169)
   defining Unicode char U+00AA (decimal 170)
   defining Unicode char U+00AE (decimal 174)
   defining Unicode char U+00BA (decimal 186)
   defining Unicode char U+02C6 (decimal 710)
   defining Unicode char U+02DC (decimal 732)
   defining Unicode char U+200C (decimal 8204)
   defining Unicode char U+2026 (decimal 8230)
   defining Unicode char U+2122 (decimal 8482)
   defining Unicode char U+2423 (decimal 9251)
)) (/usr/share/texlive/texmf-dist/tex/latex/hyperref/hyperref.sty
Package: hyperref 2018/02/06 v6.86b Hypertext links for LaTeX
 (/usr/share/texlive/texmf-dist/tex/generic/oberdiek/hobsub-hyperref.sty
Package: hobsub-hyperref 2016/05/16 v1.14 Bundle oberdiek, subset hyperref (HO)
 (/usr/share/texlive/texmf-dist/tex/generic/oberdiek/hobsub-generic.sty
Package: hobsub-generic 2016/05/16 v1.14 Bundle oberdiek, subset generic (HO)
Package: hobsub 2016/05/16 v1.14 Construct package bundles (HO)
Package: infwarerr 2016/05/16 v1.4 Providing info/warning/error messages (HO)
Package: ltxcmds 2016/05/16 v1.23 LaTeX kernel commands for general use (HO)
Package: ifluatex 2016/05/16 v1.4 Provides the ifluatex switch (HO)
Package ifluatex Info: LuaTeX not detected.
Package: ifvtex 2016/05/16 v1.6 Detect VTeX and its facilities (HO)
Package ifvtex Info: VTeX not detected.
Package: intcalc 2016/05/16 v1.2 Expandable calculations with integers (HO)
Package: ifpdf 2017/03/15 v3.2 Provides the ifpdf switch
Package: etexcmds 2016/05/16 v1.6 Avoid name clashes with e-TeX commands (HO)
Package etexcmds Info: Could not find \expanded.
(etexcmds)             That can mean that you are not using pdfTeX 1.50 or
(etexcmds)             that some package has redefined \expanded.
(etexcmds)             In the latter case, load this package earlier.
Package: kvsetkeys 2016/05/16 v1.17 Key value parser (HO)
Package: kvdefinekeys 2016/05/16 v1.4 Define keys (HO)
Package: pdftexcmds 2018/01/21 v0.26 Utility functions of pdfTeX for LuaTeX (HO)
Package pdftexcmds Info: LuaTeX not detected.
Package pdftexcmds Info: \pdf@primitive is available.
Package pdftexcmds Info: \pdf@ifprimitive is available.
Package pdftexcmds Info: \pdfdraftmode found.
Package: pdfescape 2016/05/16 v1.14 Implements pdfTeX's escape features (HO)
Package: bigintcalc 2016/05/16 v1.4 Expandable calculations on big integers (HO)
Package: bitset 2016/05/16 v1.2 Handle bit-vector datatype (HO)
Package: uniquecounter 2016/05/16 v1.3 Provide unlimited unique counter (HO)
)
Package hobsub Info: Skipping package `hobsub' (already loaded).
Package: letltxmacro 2016/05/16 v1.5 Let assignment for LaTeX macros (HO)
Package: hopatch 2016/05/16 v1.3 Wrapper for package hooks (HO)
Package: xcolor-patch 2016/05/16 xcolor patch
Package: atveryend 2016/05/16 v1.9 Hooks at the very end of document (HO)
Package atveryend Info: \enddocument detected (standard20110627).
Package: atbegshi 2016/06/09 v1.18 At begin shipout hook (HO)
Package: refcount 2016/05/16 v3.5 Data extraction from label references (HO)
Package: hycolor 2016/05/16 v1.8 Color options for hyperref/bookmark (HO)
) (/usr/share/texlive/texmf-dist/tex/latex/graphics/keyval.sty
Package: keyval 2014/10/28 v1.15 key=value parser (DPC)
\KV@toks@=\toks16
) (/usr/share/texlive/texmf-dist/tex/generic/ifxetex/ifxetex.sty
Package: ifxetex 2010/09/12 v0.6 Provides ifxetex conditional
) (/usr/share/texlive/texmf-dist/tex/latex/oberdiek/auxhook.sty
Package: auxhook 2016/05/16 v1.4 Hooks for auxiliary files (HO)
) (/usr/share/texlive/texmf-dist/tex/latex/oberdiek/kvoptions.sty
Package: kvoptions 2016/05/16 v3.12 Key value format for package options (HO)
)
\@linkdim=\dimen103
\Hy@linkcounter=\count87
\Hy@pagecounter=\count88
 (/usr/share/texlive/texmf-dist/tex/latex/hyperref/pd1enc.def
File: pd1enc.def 2018/02/06 v6.86b Hyperref: PDFDocEncoding definition (HO)
Now handling font encoding PD1 ...
... no UTF-8 mapping file for font encoding PD1
)
\Hy@SavedSpaceFactor=\count89
 (/usr/share/texlive/texmf-dist/tex/latex/latexconfig/hyperref.cfg
File: hyperref.cfg 2002/06/06 v1.2 hyperref configuration of TeXLive
)
Package hyperref Info: Hyper figures OFF on input line 4509.
Package hyperref Info: Link nesting OFF on input line 4514.
Package hyperref Info: Hyper index ON on input line 4517.
Package hyperref Info: Plain pages OFF on input line 4524.
Package hyperref Info: Backreferencing OFF on input line 4529.
Package hyperref Info: Implicit mode ON; LaTeX internals redefined.
Package hyperref Info: Bookmarks ON on input line 4762.
\c@Hy@tempcnt=\count90
 (/usr/share/texlive/texmf-dist/tex/latex/url/url.sty
\Urlmuskip=\muskip10
Package: url 2013/09/16  ver 3.4  Verb mode for urls, etc.
)
LaTeX Info: Redefining \url on input line 5115.
\XeTeXLinkMargin=\dimen104
\Fld@menulength=\count91
\Field@Width=\dimen105
\Fld@charsize=\dimen106
Package hyperref Info: Hyper figures OFF on input line 6369.
Package hyperref Info: Link nesting OFF on input line 6374.
Package hyperref Info: Hyper index ON on input line 6377.
Package hyperref Info: backreferencing OFF on input line 6384.
Package hyperref Info: Link coloring OFF on input line 6389.
Package hyperref Info: Link coloring with OCG OFF on input line 6394.
Package hyperref Info: PDF/A mode OFF on input line 6399.
LaTeX Info: Redefining \ref on input line 6439.
LaTeX Info: Redefining \pageref on input line 6443.
\Hy@abspage=\count92
\c@Item=\count93
\c@Hfootnote=\count94
)
Package hyperref Info: Driver (autodetected): hpdftex.
 (/usr/share/texlive/texmf-dist/tex/latex/hyperref/hpdftex.def
File: hpdftex.def 2018/02/06 v6.86b Hyperref driver for pdfTeX
\Fld@listcount=\count95
\c@bookmark@seq@number=\count96
 (/usr/share/texlive/texmf-dist/tex/latex/oberdiek/rerunfilecheck.sty
Package: rerunfilecheck 2016/05/16 v1.8 Rerun checks for auxiliary files (HO)
Package uniquecounter Info: New unique counter `rerunfilecheck' on input line 282.
)
\Hy@SectionHShift=\skip43
) (/usr/share/texlive/texmf-dist/tex/latex/float/float.sty
Package: float 2001/11/08 v1.3d Float enhancements (AL)
\c@float@type=\count97
\float@exts=\toks17
\float@box=\box26
\@float@everytoks=\toks18
\@floatcapt=\box27
) (/usr/share/texlive/texmf-dist/tex/latex/xcolor/xcolor.sty
Package: xcolor 2016/05/11 v2.12 LaTeX color extensions (UK)
 (/usr/share/texlive/texmf-dist/tex/latex/graphics-cfg/color.cfg
File: color.cfg 2016/01/02 v1.6 sample color configuration
)
Package xcolor Info: Driver file: pdftex.def on input line 225.
 (/usr/share/texlive/texmf-dist/tex/latex/graphics-def/pdftex.def
File: pdftex.def 2018/01/08 v1.0l Graphics/color driver for pdftex
) (/usr/share/texlive/texmf-dist/tex/latex/colortbl/colortbl.sty
Package: colortbl 2012/02/13 v1.0a Color table columns (DPC)
 (/usr/share/texlive/texmf-dist/tex/latex/tools/array.sty
Package: array 2016/10/06 v2.4d Tabular extension package (FMi)
\col@sep=\dimen107
\extrarowheight=\dimen108
\NC@list=\toks19
\extratabsurround=\skip44
\backup@length=\skip45
)
\everycr=\toks20
\minrowclearance=\skip46
)
\rownum=\count98
Package xcolor Info: Model `cmy' substituted by `cmy0' on input line 1348.
Package xcolor Info: Model `hsb' substituted by `rgb' on input line 1352.
Package xcolor Info: Model `RGB' extended on input line 1364.
Package xcolor Info: Model `HTML' substituted by `rgb' on input line 1366.
Package xcolor Info: Model `Hsb' substituted by `hsb' on input line 1367.
Package xcolor Info: Model `tHsb' substituted by `hsb' on input line 1368.
Package xcolor Info: Model `HSB' substituted by `hsb' on input line 1369.
Package xcolor Info: Model `Gray' substituted by `gray' on input line 1370.
Package xcolor Info: Model `wave' substituted by `hsb' on input line 1371.
) (/usr/share/texlive/texmf-dist/tex/latex/tools/longtable.sty
Package: longtable 2014/10/28 v4.11 Multi-page Table package (DPC)
\LTleft=\skip47
\LTright=\skip48
\LTpre=\skip49
\LTpost=\skip50
\LTchunksize=\count99
\LTcapwidth=\dimen109
\LT@head=\box28
\LT@firsthead=\box29
\LT@foot=\box30
\LT@lastfoot=\box31
\LT@cols=\count100
\LT@rows=\count101
\c@LT@tables=\count102
\c@LT@chunks=\count103
\LT@p@ftn=\toks21
) (/usr/share/texlive/texmf-dist/tex/latex/booktabs/booktabs.sty
Package: booktabs 2016/04/27 v1.618033 publication quality tables
\heavyrulewidth=\dimen110
\lightrulewidth=\dimen111
\cmidrulewidth=\dimen112
\belowrulesep=\dimen113
\belowbottomsep=\dimen114
\aboverulesep=\dimen115
\abovetopsep=\dimen116
\cmidrulesep=\dimen117
\cmidrulekern=\dimen118
\defaultaddspace=\dimen119
\@cmidla=\count104
\@cmidlb=\count105
\@aboverulesep=\dimen120
\@belowrulesep=\dimen121
\@thisruleclass=\count106
\@lastruleclass=\count107
\@thisrulewidth=\dimen122
) (/usr/share/texlive/texmf-dist/tex/latex/graphics/graphicx.sty
Package: graphicx 2017/06/01 v1.1a Enhanced LaTeX Graphics (DPC,SPQR)
 (/usr/share/texlive/texmf-dist/tex/latex/graphics/graphics.sty
Package: graphics 2017/06/25 v1.2c Standard LaTeX Graphics (DPC,SPQR)
 (/usr/share/texlive/texmf-dist/tex/latex/graphics/trig.sty
Package: trig 2016/01/03 v1.10 sin cos tan (DPC)
) (/usr/share/texlive/texmf-dist/tex/latex/graphics-cfg/graphics.cfg
File: graphics.cfg 2016/06/04 v1.11 sample graphics configuration
)
Package graphics Info: Driver file: pdftex.def on input line 99.
)
\Gin@req@height=\dimen123
\Gin@req@width=\dimen124
) (/usr/share/texlive/texmf-dist/tex/latex/multirow/multirow.sty
Package: multirow 2016/11/25 v2.2 Span multiple rows of a table
\multirow@colwidth=\skip51
\multirow@cntb=\count108
\multirow@dima=\skip52
\bigstrutjot=\dimen125
) (/usr/share/texlive/texmf-dist/tex/latex/pgf/frontendlayer/tikz.sty (/usr/share/texlive/texmf-dist/tex/latex/pgf/basiclayer/pgf.sty (/usr/share/texlive/texmf-dist/tex/latex/pgf/utilities/pgfrcs.sty (/usr/share/texlive/texmf-dist/tex/generic/pgf/utilities/pgfutil-common.tex
\pgfutil@everybye=\toks22
\pgfutil@tempdima=\dimen126
\pgfutil@tempdimb=\dimen127
 (/usr/share/texlive/texmf-dist/tex/generic/pgf/utilities/pgfutil-common-lists.tex)) (/usr/share/texlive/texmf-dist/tex/generic/pgf/utilities/pgfutil-latex.def
\pgfutil@abb=\box32
 (/usr/share/texlive/texmf-dist/tex/latex/ms/everyshi.sty
Package: everyshi 2001/05/15 v3.00 EveryShipout Package (MS)
)) (/usr/share/texlive/texmf-dist/tex/generic/pgf/utilities/pgfrcs.code.tex
Package: pgfrcs 2015/08/07 v3.0.1a (rcs-revision 1.31)
))
Package: pgf 2015/08/07 v3.0.1a (rcs-revision 1.15)
 (/usr/share/texlive/texmf-dist/tex/latex/pgf/basiclayer/pgfcore.sty (/usr/share/texlive/texmf-dist/tex/latex/pgf/systemlayer/pgfsys.sty (/usr/share/texlive/texmf-dist/tex/generic/pgf/systemlayer/pgfsys.code.tex
Package: pgfsys 2014/07/09 v3.0.1a (rcs-revision 1.48)
 (/usr/share/texlive/texmf-dist/tex/generic/pgf/utilities/pgfkeys.code.tex
\pgfkeys@pathtoks=\toks23
\pgfkeys@temptoks=\toks24
 (/usr/share/texlive/texmf-dist/tex/generic/pgf/utilities/pgfkeysfiltered.code.tex
\pgfkeys@tmptoks=\toks25
))
\pgf@x=\dimen128
\pgf@y=\dimen129
\pgf@xa=\dimen130
\pgf@ya=\dimen131
\pgf@xb=\dimen132
\pgf@yb=\dimen133
\pgf@xc=\dimen134
\pgf@yc=\dimen135
\w@pgf@writea=\write3
\r@pgf@reada=\read1
\c@pgf@counta=\count109
\c@pgf@countb=\count110
\c@pgf@countc=\count111
\c@pgf@countd=\count112
\t@pgf@toka=\toks26
\t@pgf@tokb=\toks27
\t@pgf@tokc=\toks28
 (/usr/share/texlive/texmf-dist/tex/generic/pgf/systemlayer/pgf.cfg
File: pgf.cfg 2008/05/14  (rcs-revision 1.7)
)
Driver file for pgf: pgfsys-pdftex.def
 (/usr/share/texlive/texmf-dist/tex/generic/pgf/systemlayer/pgfsys-pdftex.def
File: pgfsys-pdftex.def 2014/10/11  (rcs-revision 1.35)
 (/usr/share/texlive/texmf-dist/tex/generic/pgf/systemlayer/pgfsys-common-pdf.def
File: pgfsys-common-pdf.def 2013/10/10  (rcs-revision 1.13)
))) (/usr/share/texlive/texmf-dist/tex/generic/pgf/systemlayer/pgfsyssoftpath.code.tex
File: pgfsyssoftpath.code.tex 2013/09/09  (rcs-revision 1.9)
\pgfsyssoftpath@smallbuffer@items=\count113
\pgfsyssoftpath@bigbuffer@items=\count114
) (/usr/share/texlive/texmf-dist/tex/generic/pgf/systemlayer/pgfsysprotocol.code.tex
File: pgfsysprotocol.code.tex 2006/10/16  (rcs-revision 1.4)
)) (/usr/share/texlive/texmf-dist/tex/generic/pgf/basiclayer/pgfcore.code.tex
Package: pgfcore 2010/04/11 v3.0.1a (rcs-revision 1.7)
 (/usr/share/texlive/texmf-dist/tex/generic/pgf/math/pgfmath.code.tex (/usr/share/texlive/texmf-dist/tex/generic/pgf/math/pgfmathcalc.code.tex (/usr/share/texlive/texmf-dist/tex/generic/pgf/math/pgfmathutil.code.tex) (/usr/share/texlive/texmf-dist/tex/generic/pgf/math/pgfmathparser.code.tex
\pgfmath@dimen=\dimen136
\pgfmath@count=\count115
\pgfmath@box=\box33
\pgfmath@toks=\toks29
\pgfmath@stack@operand=\toks30
\pgfmath@stack@operation=\toks31
) (/usr/share/texlive/texmf-dist/tex/generic/pgf/math/pgfmathfunctions.code.tex (/usr/share/texlive/texmf-dist/tex/generic/pgf/math/pgfmathfunctions.basic.code.tex) (/usr/share/texlive/texmf-dist/tex/generic/pgf/math/pgfmathfunctions.trigonometric.code.tex) (/usr/share/texlive/texmf-dist/tex/generic/pgf/math/pgfmathfunctions.random.code.tex) (/usr/share/texlive/texmf-dist/tex/generic/pgf/math/pgfmathfunctions.comparison.code.tex) (/usr/share/texlive/texmf-dist/tex/generic/pgf/math/pgfmathfunctions.base.code.tex) (/usr/share/texlive/texmf-dist/tex/generic/pgf/math/pgfmathfunctions.round.code.tex) (/usr/share/texlive/texmf-dist/tex/generic/pgf/math/pgfmathfunctions.misc.code.tex) (/usr/share/texlive/texmf-dist/tex/generic/pgf/math/pgfmathfunctions.integerarithmetics.code.tex))) (/usr/share/texlive/texmf-dist/tex/generic/pgf/math/pgfmathfloat.code.tex
\c@pgfmathroundto@lastzeros=\count116
)) (/usr/share/texlive/texmf-dist/tex/generic/pgf/basiclayer/pgfcorepoints.code.tex
File: pgfcorepoints.code.tex 2013/10/07  (rcs-revision 1.27)
\pgf@picminx=\dimen137
\pgf@picmaxx=\dimen138
\pgf@picminy=\dimen139
\pgf@picmaxy=\dimen140
\pgf@pathminx=\dimen141
\pgf@pathmaxx=\dimen142
\pgf@pathminy=\dimen143
\pgf@pathmaxy=\dimen144
\pgf@xx=\dimen145
\pgf@xy=\dimen146
\pgf@yx=\dimen147
\pgf@yy=\dimen148
\pgf@zx=\dimen149
\pgf@zy=\dimen150
) (/usr/share/texlive/texmf-dist/tex/generic/pgf/basiclayer/pgfcorepathconstruct.code.tex
File: pgfcorepathconstruct.code.tex 2013/10/07  (rcs-revision 1.29)
\pgf@path@lastx=\dimen151
\pgf@path@lasty=\dimen152
) (/usr/share/texlive/texmf-dist/tex/generic/pgf/basiclayer/pgfcorepathusage.code.tex
File: pgfcorepathusage.code.tex 2014/11/02  (rcs-revision 1.24)
\pgf@shorten@end@additional=\dimen153
\pgf@shorten@start@additional=\dimen154
) (/usr/share/texlive/texmf-dist/tex/generic/pgf/basiclayer/pgfcorescopes.code.tex
File: pgfcorescopes.code.tex 2015/05/08  (rcs-revision 1.46)
\pgfpic=\box34
\pgf@hbox=\box35
\pgf@layerbox@main=\box36
\pgf@picture@serial@count=\count117
) (/usr/share/texlive/texmf-dist/tex/generic/pgf/basiclayer/pgfcoregraphicstate.code.tex
File: pgfcoregraphicstate.code.tex 2014/11/02  (rcs-revision 1.12)
\pgflinewidth=\dimen155
) (/usr/share/texlive/texmf-dist/tex/generic/pgf/basiclayer/pgfcoretransformations.code.tex
File: pgfcoretransformations.code.tex 2015/08/07  (rcs-revision 1.20)
\pgf@pt@x=\dimen156
\pgf@pt@y=\dimen157
\pgf@pt@temp=\dimen158
) (/usr/share/texlive/texmf-dist/tex/generic/pgf/basiclayer/pgfcorequick.code.tex
File: pgfcorequick.code.tex 2008/10/09  (rcs-revision 1.3)
) (/usr/share/texlive/texmf-dist/tex/generic/pgf/basiclayer/pgfcoreobjects.code.tex
File: pgfcoreobjects.code.tex 2006/10/11  (rcs-revision 1.2)
) (/usr/share/texlive/texmf-dist/tex/generic/pgf/basiclayer/pgfcorepathprocessing.code.tex
File: pgfcorepathprocessing.code.tex 2013/09/09  (rcs-revision 1.9)
) (/usr/share/texlive/texmf-dist/tex/generic/pgf/basiclayer/pgfcorearrows.code.tex
File: pgfcorearrows.code.tex 2015/05/14  (rcs-revision 1.43)
\pgfarrowsep=\dimen159
) (/usr/share/texlive/texmf-dist/tex/generic/pgf/basiclayer/pgfcoreshade.code.tex
File: pgfcoreshade.code.tex 2013/07/15  (rcs-revision 1.15)
\pgf@max=\dimen160
\pgf@sys@shading@range@num=\count118
) (/usr/share/texlive/texmf-dist/tex/generic/pgf/basiclayer/pgfcoreimage.code.tex
File: pgfcoreimage.code.tex 2013/07/15  (rcs-revision 1.18)
 (/usr/share/texlive/texmf-dist/tex/generic/pgf/basiclayer/pgfcoreexternal.code.tex
File: pgfcoreexternal.code.tex 2014/07/09  (rcs-revision 1.21)
\pgfexternal@startupbox=\box37
)) (/usr/share/texlive/texmf-dist/tex/generic/pgf/basiclayer/pgfcorelayers.code.tex
File: pgfcorelayers.code.tex 2013/07/18  (rcs-revision 1.7)
) (/usr/share/texlive/texmf-dist/tex/generic/pgf/basiclayer/pgfcoretransparency.code.tex
File: pgfcoretransparency.code.tex 2013/09/30  (rcs-revision 1.5)
) (/usr/share/texlive/texmf-dist/tex/generic/pgf/basiclayer/pgfcorepatterns.code.tex
File: pgfcorepatterns.code.tex 2013/11/07  (rcs-revision 1.5)
))) (/usr/share/texlive/texmf-dist/tex/generic/pgf/modules/pgfmoduleshapes.code.tex
File: pgfmoduleshapes.code.tex 2014/03/21  (rcs-revision 1.35)
\pgfnodeparttextbox=\box38
) (/usr/share/texlive/texmf-dist/tex/generic/pgf/modules/pgfmoduleplot.code.tex
File: pgfmoduleplot.code.tex 2015/08/03  (rcs-revision 1.13)
) (/usr/share/texlive/texmf-dist/tex/latex/pgf/compatibility/pgfcomp-version-0-65.sty
Package: pgfcomp-version-0-65 2007/07/03 v3.0.1a (rcs-revision 1.7)
\pgf@nodesepstart=\dimen161
\pgf@nodesepend=\dimen162
) (/usr/share/texlive/texmf-dist/tex/latex/pgf/compatibility/pgfcomp-version-1-18.sty
Package: pgfcomp-version-1-18 2007/07/23 v3.0.1a (rcs-revision 1.1)
)) (/usr/share/texlive/texmf-dist/tex/latex/pgf/utilities/pgffor.sty (/usr/share/texlive/texmf-dist/tex/latex/pgf/utilities/pgfkeys.sty (/usr/share/texlive/texmf-dist/tex/generic/pgf/utilities/pgfkeys.code.tex)) (/usr/share/texlive/texmf-dist/tex/latex/pgf/math/pgfmath.sty (/usr/share/texlive/texmf-dist/tex/generic/pgf/math/pgfmath.code.tex)) (/usr/share/texlive/texmf-dist/tex/generic/pgf/utilities/pgffor.code.tex
Package: pgffor 2013/12/13 v3.0.1a (rcs-revision 1.25)
 (/usr/share/texlive/texmf-dist/tex/generic/pgf/math/pgfmath.code.tex)
\pgffor@iter=\dimen163
\pgffor@skip=\dimen164
\pgffor@stack=\toks32
\pgffor@toks=\toks33
)) (/usr/share/texlive/texmf-dist/tex/generic/pgf/frontendlayer/tikz/tikz.code.tex
Package: tikz 2015/08/07 v3.0.1a (rcs-revision 1.151)
 (/usr/share/texlive/texmf-dist/tex/generic/pgf/libraries/pgflibraryplothandlers.code.tex
File: pgflibraryplothandlers.code.tex 2013/08/31 v3.0.1a (rcs-revision 1.20)
\pgf@plot@mark@count=\count119
\pgfplotmarksize=\dimen165
)
\tikz@lastx=\dimen166
\tikz@lasty=\dimen167
\tikz@lastxsaved=\dimen168
\tikz@lastysaved=\dimen169
\tikzleveldistance=\dimen170
\tikzsiblingdistance=\dimen171
\tikz@figbox=\box39
\tikz@figbox@bg=\box40
\tikz@tempbox=\box41
\tikz@tempbox@bg=\box42
\tikztreelevel=\count120
\tikznumberofchildren=\count121
\tikznumberofcurrentchild=\count122
\tikz@fig@count=\count123
 (/usr/share/texlive/texmf-dist/tex/generic/pgf/modules/pgfmodulematrix.code.tex
File: pgfmodulematrix.code.tex 2013/09/17  (rcs-revision 1.8)
\pgfmatrixcurrentrow=\count124
\pgfmatrixcurrentcolumn=\count125
\pgf@matrix@numberofcolumns=\count126
)
\tikz@expandcount=\count127
 (/usr/share/texlive/texmf-dist/tex/generic/pgf/frontendlayer/tikz/libraries/tikzlibrarytopaths.code.tex
File: tikzlibrarytopaths.code.tex 2008/06/17 v3.0.1a (rcs-revision 1.2)
))) (/usr/share/texlive/texmf-dist/tex/latex/graphics/rotating.sty
Package: rotating 2016/08/11 v2.16d rotated objects in LaTeX
 (/usr/share/texlive/texmf-dist/tex/latex/base/ifthen.sty
Package: ifthen 2014/09/29 v1.1c Standard LaTeX ifthen package (DPC)
)
\c@r@tfl@t=\count128
\rotFPtop=\skip53
\rotFPbot=\skip54
\rot@float@box=\box43
\rot@mess@toks=\toks34
) (/usr/share/texlive/texmf-dist/tex/latex/caption/caption.sty
Package: caption 2016/02/21 v3.3-144 Customizing captions (AR)
 (/usr/share/texlive/texmf-dist/tex/latex/caption/caption3.sty
Package: caption3 2016/05/22 v1.7-166 caption3 kernel (AR)
Package caption3 Info: TeX engine: e-TeX on input line 67.
\captionmargin=\dimen172
\captionmargin@=\dimen173
\captionwidth=\dimen174
\caption@tempdima=\dimen175
\caption@indent=\dimen176
\caption@parindent=\dimen177
\caption@hangindent=\dimen178
)
\c@ContinuedFloat=\count129
Package caption Info: float package is loaded.
Package caption Info: hyperref package is loaded.
Package caption Info: longtable package is loaded.
 (/usr/share/texlive/texmf-dist/tex/latex/caption/ltcaption.sty
Package: ltcaption 2013/06/09 v1.4-94 longtable captions (AR)
)
Package caption Info: rotating package is loaded.
) (/usr/share/texlive/texmf-dist/tex/latex/geometry/geometry.sty
Package: geometry 2010/09/12 v5.6 Page Geometry
\Gm@cnth=\count130
\Gm@cntv=\count131
\c@Gm@tempcnt=\count132
\Gm@bindingoffset=\dimen179
\Gm@wd@mp=\dimen180
\Gm@odd@mp=\dimen181
\Gm@even@mp=\dimen182
\Gm@layoutwidth=\dimen183
\Gm@layoutheight=\dimen184
\Gm@layouthoffset=\dimen185
\Gm@layoutvoffset=\dimen186
\Gm@dimlist=\toks35
) (/usr/share/texlive/texmf-dist/tex/latex/graphics/lscape.sty
Package: lscape 2000/10/22 v3.01 Landscape Pages (DPC)
) (/usr/share/texlive/texmf-dist/tex/latex/tools/hhline.sty
Package: hhline 2014/10/28 v2.03 Table rule package (DPC)
) (/usr/share/texmf/tex/latex/lm/lmodern.sty
Package: lmodern 2009/10/30 v1.6 Latin Modern Fonts
LaTeX Font Info:    Overwriting symbol font `operators' in version `normal'
(Font)                  OT1/cmr/m/n --> OT1/lmr/m/n on input line 22.
LaTeX Font Info:    Overwriting symbol font `letters' in version `normal'
(Font)                  OML/cmm/m/it --> OML/lmm/m/it on input line 23.
LaTeX Font Info:    Overwriting symbol font `symbols' in version `normal'
(Font)                  OMS/cmsy/m/n --> OMS/lmsy/m/n on input line 24.
LaTeX Font Info:    Overwriting symbol font `largesymbols' in version `normal'
(Font)                  OMX/cmex/m/n --> OMX/lmex/m/n on input line 25.
LaTeX Font Info:    Overwriting symbol font `operators' in version `bold'
(Font)                  OT1/cmr/bx/n --> OT1/lmr/bx/n on input line 26.
LaTeX Font Info:    Overwriting symbol font `letters' in version `bold'
(Font)                  OML/cmm/b/it --> OML/lmm/b/it on input line 27.
LaTeX Font Info:    Overwriting symbol font `symbols' in version `bold'
(Font)                  OMS/cmsy/b/n --> OMS/lmsy/b/n on input line 28.
LaTeX Font Info:    Overwriting symbol font `largesymbols' in version `bold'
(Font)                  OMX/cmex/m/n --> OMX/lmex/m/n on input line 29.
LaTeX Font Info:    Overwriting math alphabet `\mathbf' in version `normal'
(Font)                  OT1/cmr/bx/n --> OT1/lmr/bx/n on input line 31.
LaTeX Font Info:    Overwriting math alphabet `\mathsf' in version `normal'
(Font)                  OT1/cmss/m/n --> OT1/lmss/m/n on input line 32.
LaTeX Font Info:    Overwriting math alphabet `\mathit' in version `normal'
(Font)                  OT1/cmr/m/it --> OT1/lmr/m/it on input line 33.
LaTeX Font Info:    Overwriting math alphabet `\mathtt' in version `normal'
(Font)                  OT1/cmtt/m/n --> OT1/lmtt/m/n on input line 34.
LaTeX Font Info:    Overwriting math alphabet `\mathbf' in version `bold'
(Font)                  OT1/cmr/bx/n --> OT1/lmr/bx/n on input line 35.
LaTeX Font Info:    Overwriting math alphabet `\mathsf' in version `bold'
(Font)                  OT1/cmss/bx/n --> OT1/lmss/bx/n on input line 36.
LaTeX Font Info:    Overwriting math alphabet `\mathit' in version `bold'
(Font)                  OT1/cmr/bx/it --> OT1/lmr/bx/it on input line 37.
LaTeX Font Info:    Overwriting math alphabet `\mathtt' in version `bold'
(Font)                  OT1/cmtt/m/n --> OT1/lmtt/m/n on input line 38.
) (/usr/share/texlive/texmf-dist/tex/latex/biblatex/biblatex.sty
Package: biblatex 2017/12/19 v3.10 programmable bibliographies (PK/JW/AB)
 (/usr/share/texlive/texmf-dist/tex/latex/etoolbox/etoolbox.sty
Package: etoolbox 2018/02/11 v2.5e e-TeX tools for LaTeX (JAW)
\etb@tempcnta=\count133
) (/usr/share/texlive/texmf-dist/tex/latex/logreq/logreq.sty
Package: logreq 2010/08/04 v1.0 xml request logger
\lrq@indent=\count134
 (/usr/share/texlive/texmf-dist/tex/latex/logreq/logreq.def
File: logreq.def 2010/08/04 v1.0 logreq spec v1.0
)) (/usr/share/texlive/texmf-dist/tex/generic/xstring/xstring.sty (/usr/share/texlive/texmf-dist/tex/generic/xstring/xstring.tex
\@xs@message=\write4
\integerpart=\count135
\decimalpart=\count136
)
Package: xstring 2013/10/13  v1.7c  String manipulations (C Tellechea)
)
\c@tabx@nest=\count137
\c@listtotal=\count138
\c@listcount=\count139
\c@liststart=\count140
\c@liststop=\count141
\c@citecount=\count142
\c@citetotal=\count143
\c@multicitecount=\count144
\c@multicitetotal=\count145
\c@instcount=\count146
\c@maxnames=\count147
\c@minnames=\count148
\c@maxitems=\count149
\c@minitems=\count150
\c@citecounter=\count151
\c@savedcitecounter=\count152
\c@uniquelist=\count153
\c@uniquename=\count154
\c@refsection=\count155
\c@refsegment=\count156
\c@maxextratitle=\count157
\c@maxextratitleyear=\count158
\c@maxextradate=\count159
\c@maxextraalpha=\count160
\c@abbrvpenalty=\count161
\c@highnamepenalty=\count162
\c@lownamepenalty=\count163
\c@maxparens=\count164
\c@parenlevel=\count165
\blx@tempcnta=\count166
\blx@tempcntb=\count167
\blx@tempcntc=\count168
\blx@maxsection=\count169
\blx@maxsegment@0=\count170
\blx@notetype=\count171
\blx@parenlevel@text=\count172
\blx@parenlevel@foot=\count173
\blx@sectionciteorder@0=\count174
\labelnumberwidth=\skip55
\labelalphawidth=\skip56
\biblabelsep=\skip57
\bibitemsep=\skip58
\bibnamesep=\skip59
\bibinitsep=\skip60
\bibparsep=\skip61
\bibhang=\skip62
\blx@bcfin=\read2
\blx@bcfout=\write5
\c@mincomprange=\count175
\c@maxcomprange=\count176
\c@mincompwidth=\count177
Package biblatex Info: Trying to load biblatex default data model...
Package biblatex Info: ... file 'blx-dm.def' found.
 (/usr/share/texlive/texmf-dist/tex/latex/biblatex/blx-dm.def)
Package biblatex Info: Trying to load biblatex style data model...
Package biblatex Info: ... file 'apa.dbx' found.
 (/usr/share/texlive/texmf-dist/tex/latex/biblatex-apa/apa.dbx
File: apa.dbx 2017/11/05 v7.5 APA biblatex style data model
)
Package biblatex Info: Trying to load biblatex custom data model...
Package biblatex Info: ... file 'biblatex-dm.cfg' not found.
\c@afterword=\count178
\c@savedafterword=\count179
\c@annotator=\count180
\c@savedannotator=\count181
\c@author=\count182
\c@savedauthor=\count183
\c@bookauthor=\count184
\c@savedbookauthor=\count185
\c@commentator=\count186
\c@savedcommentator=\count187
\c@editor=\count188
\c@savededitor=\count189
\c@editora=\count190
\c@savededitora=\count191
\c@editorb=\count192
\c@savededitorb=\count193
\c@editorc=\count194
\c@savededitorc=\count195
\c@foreword=\count196
\c@savedforeword=\count197
\c@holder=\count198
\c@savedholder=\count199
\c@introduction=\count266
\c@savedintroduction=\count267
\c@namea=\count268
\c@savednamea=\count269
\c@nameb=\count270
\c@savednameb=\count271
\c@namec=\count272
\c@savednamec=\count273
\c@translator=\count274
\c@savedtranslator=\count275
\c@shortauthor=\count276
\c@savedshortauthor=\count277
\c@shorteditor=\count278
\c@savedshorteditor=\count279
\c@with=\count280
\c@savedwith=\count281
\c@writer=\count282
\c@savedwriter=\count283
\c@producer=\count284
\c@savedproducer=\count285
\c@execproducer=\count286
\c@savedexecproducer=\count287
\c@director=\count288
\c@saveddirector=\count289
\c@labelname=\count290
\c@savedlabelname=\count291
\c@institution=\count292
\c@savedinstitution=\count293
\c@lista=\count294
\c@savedlista=\count295
\c@listb=\count296
\c@savedlistb=\count297
\c@listc=\count298
\c@savedlistc=\count299
\c@listd=\count300
\c@savedlistd=\count301
\c@liste=\count302
\c@savedliste=\count303
\c@listf=\count304
\c@savedlistf=\count305
\c@location=\count306
\c@savedlocation=\count307
\c@organization=\count308
\c@savedorganization=\count309
\c@origlocation=\count310
\c@savedoriglocation=\count311
\c@origpublisher=\count312
\c@savedorigpublisher=\count313
\c@publisher=\count314
\c@savedpublisher=\count315
\c@language=\count316
\c@savedlanguage=\count317
\c@origlanguage=\count318
\c@savedoriglanguage=\count319
\c@pageref=\count320
\c@savedpageref=\count321
\shorthandwidth=\skip63
\shortjournalwidth=\skip64
\shortserieswidth=\skip65
\shorttitlewidth=\skip66
\shortauthorwidth=\skip67
\shorteditorwidth=\skip68
Package biblatex Info: Trying to load compatibility code...
Package biblatex Info: ... file 'blx-compat.def' found.
 (/usr/share/texlive/texmf-dist/tex/latex/biblatex/blx-compat.def
File: blx-compat.def 2017/12/19 v3.10 biblatex compatibility (PK/JW/AB)
)
Package biblatex Info: Trying to load generic definitions...
Package biblatex Info: ... file 'biblatex.def' found.
 (/usr/share/texlive/texmf-dist/tex/latex/biblatex/biblatex.def
File: biblatex.def 2017/12/19 v3.10 biblatex compatibility (PK/JW/AB)
\c@textcitecount=\count322
\c@textcitetotal=\count323
\c@textcitemaxnames=\count324
\c@biburlnumpenalty=\count325
\c@biburlucpenalty=\count326
\c@biburllcpenalty=\count327
\c@smartand=\count328
)
Package biblatex Info: Trying to load bibliography style 'apa'...
Package biblatex Info: ... file 'apa.bbx' found.
 (/usr/share/texlive/texmf-dist/tex/latex/biblatex-apa/apa.bbx
File: apa.bbx 2017/11/05 v7.5 APA biblatex references style
Package biblatex Info: Trying to load bibliography style 'standard'...
Package biblatex Info: ... file 'standard.bbx' found.
 (/usr/share/texlive/texmf-dist/tex/latex/biblatex/bbx/standard.bbx
File: standard.bbx 2017/12/19 v3.10 biblatex bibliography style (PK/JW/AB)
\c@bbx:relatedcount=\count329
\c@bbx:relatedtotal=\count330
))
Package biblatex Info: Trying to load citation style 'authoryear'...
Package biblatex Info: ... file 'authoryear.cbx' found.
 (/usr/share/texlive/texmf-dist/tex/latex/biblatex/cbx/authoryear.cbx
File: authoryear.cbx 2017/12/19 v3.10 biblatex citation style (PK/JW/AB)
Package biblatex Info: Redefining '\cite'.
Package biblatex Info: Redefining '\parencite'.
Package biblatex Info: Redefining '\footcite'.
Package biblatex Info: Redefining '\footcitetext'.
Package biblatex Info: Redefining '\smartcite'.
Package biblatex Info: Redefining '\textcite'.
Package biblatex Info: Redefining '\textcites'.
)
Package biblatex Info: Trying to load configuration file...
Package biblatex Info: ... file 'biblatex.cfg' found.
 (/usr/share/texlive/texmf-dist/tex/latex/biblatex/biblatex.cfg
File: biblatex.cfg 
)) (/usr/share/texlive/texmf-dist/tex/latex/subfiles/subfiles.sty
Package: subfiles 2012/05/23 Federico Garcia
 (/usr/share/texlive/texmf-dist/tex/latex/tools/verbatim.sty
Package: verbatim 2014/10/28 v1.5q LaTeX2e package for verbatim enhancements
\every@verbatim=\toks36
\verbatim@line=\toks37
\verbatim@in@stream=\read3
))
Package biblatex Info: Trying to load language 'english' -> 'english-apa'...
Package biblatex Info: ... file 'english-apa.lbx' found.
 (/usr/share/texlive/texmf-dist/tex/latex/biblatex-apa/english-apa.lbx
File: english-apa.lbx 2017/11/05 v7.5 APA biblatex localisation
Package biblatex Info: Trying to load language 'english'...
Package biblatex Info: ... file 'english.lbx' found.
 (/usr/share/texlive/texmf-dist/tex/latex/biblatex/lbx/english.lbx
File: english.lbx 2017/12/19 v3.10 biblatex localization (PK/JW/AB)
)
Package biblatex Info: Trying to load language 'american'...
Package biblatex Info: ... file 'american.lbx' found.
 (/usr/share/texlive/texmf-dist/tex/latex/biblatex/lbx/american.lbx
File: american.lbx 2017/12/19 v3.10 biblatex localization (PK/JW/AB)
))
\@quotelevel=\count331
\@quotereset=\count332
 (/home/kunzst/Dokumente/Projects/Trait_DB/Invertebrate_traits/Paper/Draft_harmonization_paper.aux)
\openout1 = `Draft_harmonization_paper.aux'.

LaTeX Font Info:    Checking defaults for OML/cmm/m/it on input line 72.
LaTeX Font Info:    ... okay on input line 72.
LaTeX Font Info:    Checking defaults for T1/cmr/m/n on input line 72.
LaTeX Font Info:    ... okay on input line 72.
LaTeX Font Info:    Checking defaults for OT1/cmr/m/n on input line 72.
LaTeX Font Info:    ... okay on input line 72.
LaTeX Font Info:    Checking defaults for OMS/cmsy/m/n on input line 72.
LaTeX Font Info:    ... okay on input line 72.
LaTeX Font Info:    Checking defaults for OMX/cmex/m/n on input line 72.
LaTeX Font Info:    ... okay on input line 72.
LaTeX Font Info:    Checking defaults for U/cmr/m/n on input line 72.
LaTeX Font Info:    ... okay on input line 72.
LaTeX Font Info:    Checking defaults for PD1/pdf/m/n on input line 72.
LaTeX Font Info:    ... okay on input line 72.
LaTeX Font Info:    Try loading font information for OT1+lmr on input line 72.
 (/usr/share/texmf/tex/latex/lm/ot1lmr.fd
File: ot1lmr.fd 2009/10/30 v1.6 Font defs for Latin Modern
)
\AtBeginShipoutBox=\box44
Package hyperref Info: Link coloring OFF on input line 72.
 (/usr/share/texlive/texmf-dist/tex/latex/hyperref/nameref.sty
Package: nameref 2016/05/21 v2.44 Cross-referencing by name of section
 (/usr/share/texlive/texmf-dist/tex/generic/oberdiek/gettitlestring.sty
Package: gettitlestring 2016/05/16 v1.5 Cleanup title references (HO)
)
\c@section@level=\count333
)
LaTeX Info: Redefining \ref on input line 72.
LaTeX Info: Redefining \pageref on input line 72.
LaTeX Info: Redefining \nameref on input line 72.
 (/home/kunzst/Dokumente/Projects/Trait_DB/Invertebrate_traits/Paper/Draft_harmonization_paper.out) (/home/kunzst/Dokumente/Projects/Trait_DB/Invertebrate_traits/Paper/Draft_harmonization_paper.out)
\@outlinefile=\write6
\openout6 = `Draft_harmonization_paper.out'.

 (/usr/share/texlive/texmf-dist/tex/context/base/mkii/supp-pdf.mkii
[Loading MPS to PDF converter (version 2006.09.02).]
\scratchcounter=\count334
\scratchdimen=\dimen187
\scratchbox=\box45
\nofMPsegments=\count335
\nofMParguments=\count336
\everyMPshowfont=\toks38
\MPscratchCnt=\count337
\MPscratchDim=\dimen188
\MPnumerator=\count338
\makeMPintoPDFobject=\count339
\everyMPtoPDFconversion=\toks39
) (/usr/share/texlive/texmf-dist/tex/latex/oberdiek/epstopdf-base.sty
Package: epstopdf-base 2016/05/15 v2.6 Base part for package epstopdf
 (/usr/share/texlive/texmf-dist/tex/latex/oberdiek/grfext.sty
Package: grfext 2016/05/16 v1.2 Manage graphics extensions (HO)
)
Package epstopdf-base Info: Redefining graphics rule for `.eps' on input line 438.
Package grfext Info: Graphics extension search list:
(grfext)             [.pdf,.png,.jpg,.mps,.jpeg,.jbig2,.jb2,.PDF,.PNG,.JPG,.JPEG,.JBIG2,.JB2,.eps]
(grfext)             \AppendGraphicsExtensions on input line 456.
 (/usr/share/texlive/texmf-dist/tex/latex/latexconfig/epstopdf-sys.cfg
File: epstopdf-sys.cfg 2010/07/13 v1.3 Configuration of (r)epstopdf for TeX Live
)) ABD: EveryShipout initializing macros
Package caption Info: Begin \AtBeginDocument code.
Package caption Info: End \AtBeginDocument code.

*geometry* driver: auto-detecting
*geometry* detected driver: pdftex
*geometry* verbose mode - [ preamble ] result:
* driver: pdftex
* paper: <default>
* layout: <same size as paper>
* layoutoffset:(h,v)=(0.0pt,0.0pt)
* modes: 
* h-part:(L,W,R)=(92.14519pt, 430.00462pt, 92.14519pt)
* v-part:(T,H,B)=(95.39737pt, 556.47656pt, 143.09605pt)
* \paperwidth=614.295pt
* \paperheight=794.96999pt
* \textwidth=430.00462pt
* \textheight=556.47656pt
* \oddsidemargin=19.8752pt
* \evensidemargin=19.8752pt
* \topmargin=-13.87262pt
* \headheight=12.0pt
* \headsep=25.0pt
* \topskip=10.0pt
* \footskip=30.0pt
* \marginparwidth=65.0pt
* \marginparsep=11.0pt
* \columnsep=10.0pt
* \skip\footins=9.0pt plus 4.0pt minus 2.0pt
* \hoffset=0.0pt
* \voffset=0.0pt
* \mag=1000
* \@twocolumnfalse
* \@twosidefalse
* \@mparswitchfalse
* \@reversemarginfalse
* (1in=72.27pt=25.4mm, 1cm=28.453pt)

Package biblatex Info: Input encoding 'utf8' detected.
Package biblatex Info: Automatic encoding selection.
(biblatex)             Assuming data encoding 'utf8'.
\openout5 = `Draft_harmonization_paper.bcf'.

Package biblatex Info: Trying to load bibliographic data...
Package biblatex Info: ... file 'Draft_harmonization_paper.bbl' found.
(/home/kunzst/Dokumente/Projects/Trait_DB/Invertebrate_traits/Paper/Draft_harmonization_paper.bbl)
Package biblatex Info: Reference section=0 on input line 72.
Package biblatex Info: Reference segment=0 on input line 72.
LaTeX Font Info:    Try loading font information for OML+lmm on input line 74.
 (/usr/share/texmf/tex/latex/lm/omllmm.fd
File: omllmm.fd 2009/10/30 v1.6 Font defs for Latin Modern
)
LaTeX Font Info:    Try loading font information for OMS+lmsy on input line 74.
 (/usr/share/texmf/tex/latex/lm/omslmsy.fd
File: omslmsy.fd 2009/10/30 v1.6 Font defs for Latin Modern
)
LaTeX Font Info:    Try loading font information for OMX+lmex on input line 74.
 (/usr/share/texmf/tex/latex/lm/omxlmex.fd
File: omxlmex.fd 2009/10/30 v1.6 Font defs for Latin Modern
)
LaTeX Font Info:    External font `lmex10' loaded for size
(Font)              <12> on input line 74.
LaTeX Font Info:    External font `lmex10' loaded for size
(Font)              <8> on input line 74.
LaTeX Font Info:    External font `lmex10' loaded for size
(Font)              <6> on input line 74.
 [1

{/var/lib/texmf/fonts/map/pdftex/updmap/pdftex.map}]
Overfull \hbox (6.9407pt too wide) in paragraph at lines 100--101
[]\OT1/lmr/m/n/10 In the last decades, fresh-wa-ter ecol-o-gists have com-piled com-pre-hen-sive in-ver-te-brate trait databases
 []

[2] [3]
LaTeX Font Info:    External font `lmex10' loaded for size
(Font)              <10> on input line 131.
LaTeX Font Info:    External font `lmex10' loaded for size
(Font)              <7> on input line 131.
LaTeX Font Info:    External font `lmex10' loaded for size
(Font)              <5> on input line 131.
LaTeX Font Info:    Try loading font information for OML+lmr on input line 135.
 (/usr/share/texmf/tex/latex/lm/omllmr.fd
File: omllmr.fd 2009/10/30 v1.6 Font defs for Latin Modern
)
LaTeX Font Info:    Font shape `OML/lmr/m/n' in size <10> not available
(Font)              Font shape `OML/lmm/m/it' tried instead on input line 135.
 [4]
Overfull \hbox (15.0pt too wide) in paragraph at lines 151--157
[]$[]$ 
 []

[5] (/home/kunzst/Dokumente/Projects/Trait_DB/Invertebrate_traits/Paper/Flowchart/Flowchart_methods.tex (/usr/share/texlive/texmf-dist/tex/generic/pgf/frontendlayer/tikz/libraries/tikzlibrarytrees.code.tex
File: tikzlibrarytrees.code.tex 2008/02/24 v3.0.1a (rcs-revision 1.2)
) (/usr/share/texlive/texmf-dist/tex/generic/pgf/frontendlayer/tikz/libraries/tikzlibraryarrows.code.tex
File: tikzlibraryarrows.code.tex 2008/01/09 v3.0.1a (rcs-revision 1.1)
 (/usr/share/texlive/texmf-dist/tex/generic/pgf/libraries/pgflibraryarrows.code.tex
File: pgflibraryarrows.code.tex 2013/09/23 v3.0.1a (rcs-revision 1.16)
\arrowsize=\dimen189
)) (/usr/share/texlive/texmf-dist/tex/generic/pgf/frontendlayer/tikz/libraries/tikzlibraryshapes.geometric.code.tex
File: tikzlibraryshapes.geometric.code.tex 2008/01/09 v3.0.1a (rcs-revision 1.1)
 (/usr/share/texlive/texmf-dist/tex/generic/pgf/libraries/shapes/pgflibraryshapes.geometric.code.tex
File: pgflibraryshapes.geometric.code.tex 2008/06/26 v3.0.1a (rcs-revision 1.1)
)) (/usr/share/texlive/texmf-dist/tex/generic/pgf/frontendlayer/tikz/libraries/tikzlibrarypositioning.code.tex
File: tikzlibrarypositioning.code.tex 2008/10/06 v3.0.1a (rcs-revision 1.7)
) (/usr/share/texlive/texmf-dist/tex/generic/pgf/frontendlayer/tikz/libraries/tikzlibrarycalc.code.tex
File: tikzlibrarycalc.code.tex 2013/07/15 v3.0.1a (rcs-revision 1.9)
) (/usr/share/texlive/texmf-dist/tex/generic/pgf/frontendlayer/tikz/libraries/tikzlibrarybackgrounds.code.tex
File: tikzlibrarybackgrounds.code.tex 2013/07/18 v3.0.1a (rcs-revision 1.3)
\pgf@layerbox@background=\box46
\pgf@layerboxsaved@background=\box47
) (/usr/share/texlive/texmf-dist/tex/generic/pgf/frontendlayer/tikz/libraries/tikzlibraryfit.code.tex
File: tikzlibraryfit.code.tex 2013/07/12 v3.0.1a (rcs-revision 1.5)
) (/usr/share/texlive/texmf-dist/tex/generic/pgf/frontendlayer/tikz/libraries/tikzlibrarymatrix.code.tex
File: tikzlibrarymatrix.code.tex 2013/07/12 v3.0.1a (rcs-revision 1.4)
)
LaTeX Font Info:    Try loading font information for OT1+lmss on input line 27.
 (/usr/share/texmf/tex/latex/lm/ot1lmss.fd
File: ot1lmss.fd 2009/10/30 v1.6 Font defs for Latin Modern
)
LaTeX Font Info:    Font shape `OT1/lmss/m/it' in size <10> not available
(Font)              Font shape `OT1/lmss/m/sl' tried instead on input line 52.
)

LaTeX Warning: Float too large for page by 19.66885pt on input line 176.

[6] [7] [8]
Overfull \hbox (20.0711pt too wide) in paragraph at lines 241--251
 [][] 
 []

[9] [10]
Overfull \hbox (38.14061pt too wide) in alignment at lines 266--268
 [] [] [] [] [] [] [] [] 
 []


Underfull \hbox (badness 10000) in paragraph at lines 271--271
[]|\OT1/lmr/m/n/10 Feeding
 []


Overfull \hbox (2.4277pt too wide) in paragraph at lines 271--271
[]|\OT1/lmr/m/n/10 Reproduction| 
 []


Overfull \hbox (6.40367pt too wide) in paragraph at lines 308--308
[]|[]| 
 []


Underfull \hbox (badness 10000) in paragraph at lines 348--348
[]|\OT1/lmr/m/n/10 binary;
 []


Overfull \hbox (3.05836pt too wide) in paragraph at lines 349--349
[]|[]| 
 []


Overfull \hbox (38.14061pt too wide) in alignment at lines 268--369
 [] [] [] [] [] [] [] [] 
 []


Underfull \vbox (badness 10000) detected at line 369
 []


Overfull \hbox (15.0pt too wide) in paragraph at lines 370--375
[]$[]$ 
 []

[11

]
<Figures/Overview_sim_results.png, id=196, 711.1368pt x 369.7815pt>
File: Figures/Overview_sim_results.png Graphic file (type png)
<use Figures/Overview_sim_results.png>
Package pdftex.def Info: Figures/Overview_sim_results.png  used on input line 390.
(pdftex.def)             Requested size: 469.4711pt x 284.54642pt.

Overfull \hbox (39.46648pt too wide) in paragraph at lines 390--391
 [][] 
 []

[12

]
<Figures/Diffs_indiv_runs_sim.png, id=204, 711.1368pt x 483.4863pt>
File: Figures/Diffs_indiv_runs_sim.png Graphic file (type png)
<use Figures/Diffs_indiv_runs_sim.png>
Package pdftex.def Info: Figures/Diffs_indiv_runs_sim.png  used on input line 397.
(pdftex.def)             Requested size: 469.4711pt x 284.53145pt.

Overfull \hbox (39.46648pt too wide) in paragraph at lines 397--407
 [][] 
 []

[13 </home/kunzst/Dokumente/Projects/Trait_DB/Invertebrate_traits/Paper/Figures/Overview_sim_results.png (PNG copy)>] [14 </home/kunzst/Dokumente/Projects/Trait_DB/Invertebrate_traits/Paper/Figures/Diffs_indiv_runs_sim.png (PNG copy)>]
Overfull \hbox (33.43935pt too wide) in paragraph at lines 425--442
 [][] 
 []

[15]
<Figures/Deviances_trait_agg_chessman.png, id=225, 625.8582pt x 341.3553pt>
File: Figures/Deviances_trait_agg_chessman.png Graphic file (type png)
<use Figures/Deviances_trait_agg_chessman.png>
Package pdftex.def Info: Figures/Deviances_trait_agg_chessman.png  used on input line 448.
(pdftex.def)             Requested size: 469.47844pt x 284.53322pt.

Overfull \hbox (39.47382pt too wide) in paragraph at lines 448--449
 [][] 
 []

<Figures/Deviances_trait_agg_pyne.png, id=226, 711.1368pt x 369.7815pt>
File: Figures/Deviances_trait_agg_pyne.png Graphic file (type png)
<use Figures/Deviances_trait_agg_pyne.png>
Package pdftex.def Info: Figures/Deviances_trait_agg_pyne.png  used on input line 456.
(pdftex.def)             Requested size: 469.4711pt x 284.54642pt.

Overfull \hbox (39.46648pt too wide) in paragraph at lines 456--457
 [][] 
 []

[16 </home/kunzst/Dokumente/Projects/Trait_DB/Invertebrate_traits/Paper/Figures/Deviances_trait_agg_chessman.png (PNG copy)>] [17 </home/kunzst/Dokumente/Projects/Trait_DB/Invertebrate_traits/Paper/Figures/Deviances_trait_agg_pyne.png (PNG copy)>]
<Figures/Species_scores_rda.png, id=241, 625.8582pt x 341.3553pt>
File: Figures/Species_scores_rda.png Graphic file (type png)
<use Figures/Species_scores_rda.png>
Package pdftex.def Info: Figures/Species_scores_rda.png  used on input line 476.
(pdftex.def)             Requested size: 469.47844pt x 284.53322pt.

Overfull \hbox (39.47382pt too wide) in paragraph at lines 476--477
 [][] 
 []

[18]
<Figures/Scores_on_constrained_axis_comb_ALT.pdf, id=251, 448.10245pt x 796.6487pt>
File: Figures/Scores_on_constrained_axis_comb_ALT.pdf Graphic file (type pdf)
<use Figures/Scores_on_constrained_axis_comb_ALT.pdf>
Package pdftex.def Info: Figures/Scores_on_constrained_axis_comb_ALT.pdf  used on input line 491.
(pdftex.def)             Requested size: 469.4753pt x 711.3369pt.

Overfull \hbox (39.47067pt too wide) in paragraph at lines 491--492
 [][] 
 []

[19 </home/kunzst/Dokumente/Projects/Trait_DB/Invertebrate_traits/Paper/Figures/Species_scores_rda.png>]
Overfull \vbox (154.86034pt too high) has occurred while \output is active []

 [20 </home/kunzst/Dokumente/Projects/Trait_DB/Invertebrate_traits/Paper/Figures/Scores_on_constrained_axis_comb_ALT.pdf>]

Package caption Warning: \captionsetup{type*=...} or \captionof
(caption)                outside box or environment on input line 494.
See the caption package documentation for explanation.


Package caption Warning: The option `hypcap=true' will be ignored for this
(caption)                particular \caption on input line 494.
See the caption package documentation for explanation.

[21

] [22] [23] [24] [25]
Underfull \hbox (badness 1810) in paragraph at lines 558--558
[][]\OT1/lmr/m/n/10 Brink, P. J. V. d., Alexan-der, A. C., Desrosiers, M., Goed-koop, W., Goethals, P. L.,
 []


Underfull \hbox (badness 3646) in paragraph at lines 558--558
\OT1/lmr/m/n/10 Liess, M., & Dyer, S. D. (2011). Traits-based ap-proaches in bioassess-ment and
 []


Underfull \hbox (badness 6893) in paragraph at lines 558--558
\OT1/lmr/m/n/10 eco-log-i-cal risk as-sess-ment: Strengths, weak-nesses, op-por-tu-ni-ties and threats. \OT1/lmr/m/it/10 In-
 []


Underfull \hbox (badness 10000) in paragraph at lines 558--558
\OT1/lmr/m/it/10 te-grated En-vi-ron-men-tal As-sess-ment and Man-age-ment\OT1/lmr/m/n/10 , \OT1/lmr/m/it/10 7\OT1/lmr/m/n/10 (2), 198{208. []eprint:
 []


Underfull \hbox (badness 1681) in paragraph at lines 558--558
\OT1/lmr/m/n/10 https://setac.onlinelibrary.wiley.com/doi/pdf/10.1002/ieam.109. doi:[]$https : / / doi . org /
 []

[26] [27] [28] [29] (/home/kunzst/Dokumente/Projects/Trait_DB/Invertebrate_traits/Paper/Results/SI.tex [30]
Overfull \hbox (88.95552pt too wide) in alignment at lines 11--14
 [] [] [] [] [] [] [] 
 []


Overfull \hbox (3.55823pt too wide) in paragraph at lines 16--16
[]|[]| 
 []


Underfull \hbox (badness 10000) in paragraph at lines 17--17
[]|\OT1/lmr/m/n/10 North Amer-ica
 []


Underfull \hbox (badness 10000) in paragraph at lines 19--19
[]|\OT1/lmr/m/n/10 Feeding
 []


Underfull \hbox (badness 2626) in paragraph at lines 20--20
[]|\OT1/lmr/m/n/10 "Feed from fallen
 []


Underfull \hbox (badness 5345) in paragraph at lines 20--20
\OT1/lmr/m/n/10 leaves, plant tis-
 []


Underfull \hbox (badness 1189) in paragraph at lines 21--21
[]|\OT1/lmr/m/n/10 "Eat coarse de-tri-
 []

LaTeX Font Info:    Try loading font information for OMS+lmr on input line 23.
(/usr/share/texmf/tex/latex/lm/omslmr.fd
File: omslmr.fd 2009/10/30 v1.6 Font defs for Latin Modern
)
LaTeX Font Info:    Font shape `OMS/lmr/m/n' in size <10> not available
(Font)              Font shape `OMS/lmsy/m/n' tried instead on input line 23.

Underfull \hbox (badness 10000) in paragraph at lines 23--24
[]\OT1/lmr/m/n/10 "Shred de-
 []


Underfull \hbox (badness 10000) in paragraph at lines 23--24
\OT1/lmr/m/n/10 com-pos-ing
 []


Underfull \hbox (badness 10000) in paragraph at lines 24--25
[]\OT1/lmr/m/n/10 Trait her-bi-
 []


Underfull \hbox (badness 1009) in paragraph at lines 24--25
\OT1/lmr/m/n/10 vore in-cludes
 []


Underfull \hbox (badness 10000) in paragraph at lines 24--25
\OT1/lmr/m/n/10 in-sect that
 []


Underfull \hbox (badness 10000) in paragraph at lines 24--25
\OT1/lmr/m/n/10 shred \OT1/lmr/m/it/10 liv-ing
 []


Underfull \hbox (badness 10000) in paragraph at lines 29--30
[]\OT1/lmr/m/n/10 Trait her-bi-
 []


Underfull \hbox (badness 1009) in paragraph at lines 29--30
\OT1/lmr/m/n/10 vore in-cludes
 []


Underfull \hbox (badness 10000) in paragraph at lines 29--30
\OT1/lmr/m/n/10 the trait
 []


Underfull \hbox (badness 10000) in paragraph at lines 34--34
[]|\OT1/lmr/m/n/10 Feeding
 []


Underfull \hbox (badness 10000) in paragraph at lines 37--38
[]\OT1/lmr/m/n/10 Carvers,
 []


Underfull \hbox (badness 10000) in paragraph at lines 37--38
\OT1/lmr/m/n/10 en-gulfers &
 []


Underfull \hbox (badness 10000) in paragraph at lines 38--39
[]\OT1/lmr/m/n/10 Piercers
 []


Underfull \hbox (badness 10000) in paragraph at lines 38--39
\OT1/lmr/m/n/10 (plants &
 []


Underfull \hbox (badness 5622) in paragraph at lines 38--39
\OT1/lmr/m/n/10 an-i-mals) are
 []


Underfull \hbox (badness 6625) in paragraph at lines 40--41
[]|\OT1/lmr/m/n/10 Engulfers ("in-gest
 []


Underfull \hbox (badness 2150) in paragraph at lines 40--41
\OT1/lmr/m/n/10 prey whole or in
 []


Underfull \hbox (badness 10000) in paragraph at lines 47--47
[]|\OT1/lmr/m/n/10 Feeding
 []


Underfull \hbox (badness 10000) in paragraph at lines 48--48
[]|\OT1/lmr/m/n/10 Distinguishes be-
 []


Underfull \hbox (badness 4686) in paragraph at lines 48--48
\OT1/lmr/m/n/10 tween ac-tive and
 []


Underfull \hbox (badness 4686) in paragraph at lines 49--49
\OT1/lmr/m/n/10 tween ac-tive and
 []


Underfull \hbox (badness 4686) in paragraph at lines 50--50
\OT1/lmr/m/n/10 tween ac-tive and
 []


Underfull \hbox (badness 4686) in paragraph at lines 51--51
\OT1/lmr/m/n/10 tween ac-tive and
 []


Underfull \hbox (badness 4686) in paragraph at lines 52--52
\OT1/lmr/m/n/10 tween ac-tive and
 []


Underfull \hbox (badness 4686) in paragraph at lines 53--55
\OT1/lmr/m/n/10 tween ac-tive and
 []


Overfull \hbox (2.39668pt too wide) in paragraph at lines 65--65
[]|\OT1/lmr/m/n/10 Multivoltine| 
 []


Underfull \hbox (badness 2073) in paragraph at lines 68--68
[]|\OT1/lmr/m/n/10 "$\OML/lmm/m/it/10 > \OT1/lmr/m/n/10 1$ gen-er-a-tions
 []


Underfull \hbox (badness 2073) in paragraph at lines 69--69
[]|\OT1/lmr/m/n/10 "$\OML/lmm/m/it/10 > \OT1/lmr/m/n/10 1$ gen-er-a-tions
 []


Underfull \hbox (badness 10000) in paragraph at lines 71--72
[]\OT1/lmr/m/n/10 1-2 gen-er-
 []


Underfull \hbox (badness 10000) in paragraph at lines 71--72
\OT1/lmr/m/n/10 a-tions per
 []


Underfull \hbox (badness 10000) in paragraph at lines 72--73
[]
 []


Overfull \hbox (5.47496pt too wide) in paragraph at lines 72--73
\OT1/lmr/m/n/10 bi/multivoltine 
 []


Underfull \hbox (badness 10000) in paragraph at lines 73--74
\OT1/lmr/m/n/10 er-a-tions per
 []


Underfull \hbox (badness 10000) in paragraph at lines 74--75
[]\OT1/lmr/m/n/10 up to 10
 []


Underfull \hbox (badness 10000) in paragraph at lines 74--75
\OT1/lmr/m/n/10 gen-er-a-tions
 []


Underfull \hbox (badness 10000) in paragraph at lines 82--83
[]\OT1/lmr/m/n/10 Passive
 []


Underfull \hbox (badness 10000) in paragraph at lines 82--83
\OT1/lmr/m/n/10 move-ment
 []


Underfull \hbox (badness 10000) in paragraph at lines 82--83
\OT1/lmr/m/n/10 like float-ing
 []


Underfull \hbox (badness 10000) in paragraph at lines 82--83
\OT1/lmr/m/n/10 or drift-ing
 []


Underfull \hbox (badness 10000) in paragraph at lines 82--83
\OT1/lmr/m/n/10 (trait swim-
 []


Overfull \hbox (0.80827pt too wide) in paragraph at lines 82--83
\OT1/lmr/m/n/10 ming/scating) 
 []


Underfull \hbox (badness 10000) in paragraph at lines 83--84
[]\OT1/lmr/m/n/10 Active
 []


Underfull \hbox (badness 10000) in paragraph at lines 83--84
\OT1/lmr/m/n/10 move-ment
 []


Underfull \hbox (badness 10000) in paragraph at lines 83--84
\OT1/lmr/m/n/10 (trait swim-
 []


Underfull \hbox (badness 10000) in paragraph at lines 86--87
\OT1/lmr/m/n/10 mers (over
 []


Underfull \hbox (badness 10000) in paragraph at lines 86--87
\OT1/lmr/m/n/10 and un-der
 []


Underfull \hbox (badness 10000) in paragraph at lines 86--87
\OT1/lmr/m/n/10 the wa-ter
 []


Underfull \hbox (badness 10000) in paragraph at lines 87--88
[]\OT1/lmr/m/n/10 Full wa-ter
 []


Underfull \hbox (badness 10000) in paragraph at lines 87--88
\OT1/lmr/m/n/10 swim-mers
 []


Underfull \hbox (badness 10000) in paragraph at lines 91--91
[]|\OT1/lmr/m/n/10 Distinguishes
 []


Underfull \hbox (badness 10000) in paragraph at lines 91--91
\OT1/lmr/m/n/10 swim-mer and
 []


Underfull \hbox (badness 10000) in paragraph at lines 92--94
[]|\OT1/lmr/m/n/10 Swimmers (wa-ter
 []


Underfull \hbox (badness 1184) in paragraph at lines 96--96
\OT1/lmr/m/n/10 sub-strates or bor-
 []


Underfull \hbox (badness 2970) in paragraph at lines 96--96
\OT1/lmr/m/n/10 ing in \OT1/lmr/m/it/10 hard \OT1/lmr/m/n/10 sub-
 []


Underfull \hbox (badness 10000) in paragraph at lines 98--99
[]\OT1/lmr/m/n/10 Burrowing
 []


Underfull \hbox (badness 10000) in paragraph at lines 98--99
\OT1/lmr/m/n/10 "within the
 []


Underfull \hbox (badness 10000) in paragraph at lines 98--99
\OT1/lmr/m/n/10 ters of the
 []


Underfull \hbox (badness 10000) in paragraph at lines 98--99
\OT1/lmr/m/n/10 ben-thic fine
 []


Underfull \hbox (badness 10000) in paragraph at lines 99--100
[]\OT1/lmr/m/n/10 Differentiates
 []


Underfull \hbox (badness 10000) in paragraph at lines 99--100
\OT1/lmr/m/n/10 in-ter-sti-tial
 []


Underfull \hbox (badness 10000) in paragraph at lines 99--100
\OT1/lmr/m/n/10 (en-doben-
 []


Underfull \hbox (badness 10000) in paragraph at lines 101--101
[]|\OT1/lmr/m/n/10 "Inhabiting \OT1/lmr/m/it/10 fine
 []


Underfull \hbox (badness 1688) in paragraph at lines 103--103
\OT1/lmr/m/n/10 the sub-strate and
 []


Underfull \hbox (badness 10000) in paragraph at lines 104--106
[]|\OT1/lmr/m/n/10 Burrowers (in-
 []


Underfull \hbox (badness 10000) in paragraph at lines 107--107
\OT1/lmr/m/n/10 sprawl-ing
 []


Underfull \hbox (badness 5022) in paragraph at lines 108--108
\OT1/lmr/m/n/10 ing ac-tively with
 []


Underfull \hbox (badness 8113) in paragraph at lines 110--110
\OT1/lmr/m/n/10 it-ing the sur-face
 []


Underfull \hbox (badness 5288) in paragraph at lines 110--110
\OT1/lmr/m/n/10 of float-ing leaves
 []


Underfull \hbox (badness 10000) in paragraph at lines 110--110
\OT1/lmr/m/n/10 of vas-cu-lar hy-
 []


Underfull \hbox (badness 3954) in paragraph at lines 110--110
\OT1/lmr/m/n/10 drophytes or fine
 []


Underfull \hbox (badness 2809) in paragraph at lines 118--118
[]|\OT1/lmr/m/n/10 Defined as crawl-
 []


Underfull \hbox (badness 2671) in paragraph at lines 118--118
\OT1/lmr/m/n/10 fine sed-i-ments on
 []


Underfull \hbox (badness 3919) in paragraph at lines 120--121
[]|\OT1/lmr/m/n/10 Database con-tains
 []


Underfull \hbox (badness 10000) in paragraph at lines 120--121
\OT1/lmr/m/n/10 traits crawler,
 []


Underfull \hbox (badness 10000) in paragraph at lines 120--121
\OT1/lmr/m/n/10 sprawler, climber
 []


Underfull \hbox (badness 10000) in paragraph at lines 122--123
[]|\OT1/lmr/m/n/10 Crawlers (epiben-
 []


Underfull \hbox (badness 10000) in paragraph at lines 125--125
[]|\OT1/lmr/m/n/10 Does not dis-tin-
 []


Underfull \hbox (badness 10000) in paragraph at lines 125--125
\OT1/lmr/m/n/10 guish tem-porar-ily
 []


Underfull \hbox (badness 10000) in paragraph at lines 125--125
\OT1/lmr/m/n/10 and per-ma-nently
 []


Underfull \hbox (badness 1616) in paragraph at lines 126--126
[]|\OT1/lmr/m/n/10 Distinguishes tem-
 []


Underfull \hbox (badness 3168) in paragraph at lines 126--126
\OT1/lmr/m/n/10 porar-ily and per-
 []


Underfull \hbox (badness 10000) in paragraph at lines 127--127
[]|\OT1/lmr/m/n/10 Does not dis-tin-
 []


Underfull \hbox (badness 10000) in paragraph at lines 127--127
\OT1/lmr/m/n/10 guish tem-porar-ily
 []


Underfull \hbox (badness 10000) in paragraph at lines 127--127
\OT1/lmr/m/n/10 and per-ma-nently
 []


Underfull \hbox (badness 10000) in paragraph at lines 128--128
[]|\OT1/lmr/m/n/10 Does not dis-tin-
 []


Underfull \hbox (badness 10000) in paragraph at lines 128--128
\OT1/lmr/m/n/10 guish tem-porar-ily
 []


Underfull \hbox (badness 10000) in paragraph at lines 128--128
\OT1/lmr/m/n/10 and per-ma-nently
 []


Underfull \hbox (badness 1616) in paragraph at lines 129--129
[]|\OT1/lmr/m/n/10 Distinguishes tem-
 []


Underfull \hbox (badness 3168) in paragraph at lines 129--129
\OT1/lmr/m/n/10 porar-ily and per-
 []


Underfull \hbox (badness 10000) in paragraph at lines 130--131
[]|\OT1/lmr/m/n/10 Does not dis-tin-
 []


Underfull \hbox (badness 10000) in paragraph at lines 130--131
\OT1/lmr/m/n/10 guish tem-porar-ily
 []


Underfull \hbox (badness 10000) in paragraph at lines 130--131
\OT1/lmr/m/n/10 and per-ma-nently
 []


Underfull \hbox (badness 10000) in paragraph at lines 132--132
[]|\OT1/lmr/m/n/10 Respiration
 []


Underfull \hbox (badness 1917) in paragraph at lines 132--132
\OT1/lmr/m/n/10 plas-tron &
 []


Underfull \hbox (badness 1158) in paragraph at lines 134--134
[]|\OT1/lmr/m/n/10 Definition in-cludes
 []


Underfull \hbox (badness 10000) in paragraph at lines 134--134
\OT1/lmr/m/n/10 res-pi-ra-tion us-ing
 []


Underfull \hbox (badness 10000) in paragraph at lines 136--136
[]|\OT1/lmr/m/n/10 Distinguishes
 []


Underfull \hbox (badness 10000) in paragraph at lines 136--136
\OT1/lmr/m/n/10 spirac-u-lar gills,
 []


Underfull \hbox (badness 10000) in paragraph at lines 136--136
\OT1/lmr/m/n/10 plas-tron, at-mo-
 []


Underfull \hbox (badness 10000) in paragraph at lines 136--136
\OT1/lmr/m/n/10 spheric breathers
 []


Underfull \hbox (badness 2626) in paragraph at lines 137--137
\OT1/lmr/m/n/10 oc-cur as sep-a-rate
 []


Underfull \hbox (badness 10000) in paragraph at lines 137--137
\OT1/lmr/m/n/10 and com-bined
 []


Underfull \hbox (badness 10000) in paragraph at lines 137--137
\OT1/lmr/m/n/10 traits. Con-
 []


Underfull \hbox (badness 10000) in paragraph at lines 137--137
\OT1/lmr/m/n/10 tains also traits:
 []


Underfull \hbox (badness 10000) in paragraph at lines 137--137
\OT1/lmr/m/n/10 air (plants), at-
 []


Underfull \hbox (badness 10000) in paragraph at lines 137--137
\OT1/lmr/m/n/10 mo-spheric, and
 []


Underfull \hbox (badness 1009) in paragraph at lines 138--139
[]|\OT1/lmr/m/n/10 Distinguishes plas-
 []


Underfull \hbox (badness 3954) in paragraph at lines 138--139
\OT1/lmr/m/n/10 tron and spir-a-cle
 []


Underfull \hbox (badness 10000) in paragraph at lines 140--140
[]|\OT1/lmr/m/n/10 Body size
 []


Underfull \hbox (badness 10000) in paragraph at lines 150--150
[]|\OT1/lmr/m/n/10 Body size
 []


Underfull \hbox (badness 10000) in paragraph at lines 159--159
[]|\OT1/lmr/m/n/10 Body size
 []


Overfull \hbox (88.95552pt too wide) in alignment at lines 14--167
 [] [] [] [] [] [] [] 
 []


Underfull \vbox (badness 10000) detected at line 167
 []

[31

] [32] [33]
LaTeX Font Info:    External font `lmex10' loaded for size
(Font)              <9> on input line 175.
 [34]
<Figures/taxonomic_hierarchy_NOA.png, id=427, 625.8582pt x 341.3553pt>
File: Figures/taxonomic_hierarchy_NOA.png Graphic file (type png)
<use Figures/taxonomic_hierarchy_NOA.png>
Package pdftex.def Info: Figures/taxonomic_hierarchy_NOA.png  used on input line 220.
(pdftex.def)             Requested size: 469.47844pt x 284.53322pt.

Overfull \hbox (39.47382pt too wide) in paragraph at lines 220--221
 [][] 
 []

<Figures/taxonomic_hierarchy_AUS.png, id=428, 625.8582pt x 341.3553pt>
File: Figures/taxonomic_hierarchy_AUS.png Graphic file (type png)
<use Figures/taxonomic_hierarchy_AUS.png>
Package pdftex.def Info: Figures/taxonomic_hierarchy_AUS.png  used on input line 227.
(pdftex.def)             Requested size: 469.47844pt x 284.53322pt.

Overfull \hbox (39.47382pt too wide) in paragraph at lines 227--228
 [][] 
 []

[35

 </home/kunzst/Dokumente/Projects/Trait_DB/Invertebrate_traits/Paper/Figures/taxonomic_hierarchy_NOA.png (PNG copy)>] [36 </home/kunzst/Dokumente/Projects/Trait_DB/Invertebrate_traits/Paper/Figures/taxonomic_hierarchy_AUS.png (PNG copy)>] [37])
Package atveryend Info: Empty hook `BeforeClearDocument' on input line 571.
Package atveryend Info: Empty hook `AfterLastShipout' on input line 571.
 (/home/kunzst/Dokumente/Projects/Trait_DB/Invertebrate_traits/Paper/Draft_harmonization_paper.aux)
Package atveryend Info: Executing hook `AtVeryEndDocument' on input line 571.
Package atveryend Info: Executing hook `AtEndAfterFileList' on input line 571.
Package rerunfilecheck Info: File `Draft_harmonization_paper.out' has not changed.
(rerunfilecheck)             Checksum: D41D8CD98F00B204E9800998ECF8427E;0.
Package logreq Info: Writing requests to 'Draft_harmonization_paper.run.xml'.
\openout1 = `Draft_harmonization_paper.run.xml'.

Package atveryend Info: Empty hook `AtVeryVeryEnd' on input line 571.
 ) 
Here is how much of TeX's memory you used:
 26194 strings out of 492982
 505805 string characters out of 6134895
 959066 words of memory out of 5000000
 29194 multiletter control sequences out of 15000+600000
 68881 words of font info for 48 fonts, out of 8000000 for 9000
 1141 hyphenation exceptions out of 8191
 55i,22n,61p,3663b,1780s stack positions out of 5000i,500n,10000p,200000b,80000s
{/usr/share/texmf/fonts/enc/dvips/lm/lm-rm.enc}{/usr/share/texmf/fonts/enc/dvips/lm/lm-mathsy.enc}{/usr/share/texmf/fonts/enc/dvips/lm/lm-mathit.enc}</usr/share/texmf/fonts/type1/public/lm/lmbx10.pfb></usr/share/texmf/fonts/type1/public/lm/lmbx12.pfb></usr/share/texmf/fonts/type1/public/lm/lmmi10.pfb></usr/share/texmf/fonts/type1/public/lm/lmmi7.pfb></usr/share/texmf/fonts/type1/public/lm/lmmi9.pfb></usr/share/texmf/fonts/type1/public/lm/lmr10.pfb></usr/share/texmf/fonts/type1/public/lm/lmr17.pfb></usr/share/texmf/fonts/type1/public/lm/lmr7.pfb></usr/share/texmf/fonts/type1/public/lm/lmr8.pfb></usr/share/texmf/fonts/type1/public/lm/lmr9.pfb></usr/share/texmf/fonts/type1/public/lm/lmri10.pfb></usr/share/texmf/fonts/type1/public/lm/lmri7.pfb></usr/share/texmf/fonts/type1/public/lm/lmri8.pfb></usr/share/texmf/fonts/type1/public/lm/lmri9.pfb></usr/share/texmf/fonts/type1/public/lm/lmss10.pfb></usr/share/texmf/fonts/type1/public/lm/lmss8.pfb></usr/share/texmf/fonts/type1/public/lm/lmsso10.pfb></usr/share/texmf/fonts/type1/public/lm/lmsy10.pfb></usr/share/texmf/fonts/type1/public/lm/lmsy7.pfb></usr/share/texmf/fonts/type1/public/lm/lmsy9.pfb>
Output written on /home/kunzst/Dokumente/Projects/Trait_DB/Invertebrate_traits/Paper/Draft_harmonization_paper.pdf (37 pages, 3004984 bytes).
PDF statistics:
 541 PDF objects out of 1000 (max. 8388607)
 461 compressed objects within 5 object streams
 124 named destinations out of 1000 (max. 500000)
 53 words of extra memory for PDF output out of 10000 (max. 10000000)

